[10:12:00] [Client thread/ERROR]: Can't find the resource index file: assets\indexes\1.8.json
[10:12:00] [Client thread/INFO]: Setting user: Player
[10:12:00] [Client thread/INFO]: (Session ID is token:0:Player)
[10:12:01] [Client thread/INFO]: [OptiFine] *** Reflector Forge ***
[10:12:01] [Client thread/INFO]: [OptiFine] (Reflector) Class not present: net.minecraftforge.client.model.Attributes
[10:12:01] [Client thread/INFO]: [OptiFine] (Reflector) Class not present: mods.betterfoliage.client.BetterFoliageClient
[10:12:01] [Client thread/INFO]: [OptiFine] (Reflector) Class not present: net.minecraftforge.fml.common.asm.transformers.BlamingTransformer
[10:12:01] [Client thread/INFO]: [OptiFine] (Reflector) Class not present: net.minecraftforge.event.world.ChunkWatchEvent$UnWatch
[10:12:01] [Client thread/INFO]: [OptiFine] (Reflector) Class not present: net.minecraftforge.fml.relauncher.CoreModManager
[10:12:01] [Client thread/INFO]: [OptiFine] (Reflector) Class not present: net.minecraftforge.common.DimensionManager
[10:12:01] [Client thread/INFO]: [OptiFine] (Reflector) Class not present: net.minecraftforge.client.event.GuiScreenEvent$DrawScreenEvent$Pre
[10:12:01] [Client thread/INFO]: [OptiFine] (Reflector) Class not present: net.minecraftforge.client.event.GuiScreenEvent$DrawScreenEvent$Post
[10:12:01] [Client thread/INFO]: [OptiFine] (Reflector) Class not present: net.minecraftforge.client.event.EntityViewRenderEvent$CameraSetup
[10:12:01] [Client thread/INFO]: [OptiFine] (Reflector) Class not present: net.minecraftforge.client.event.EntityViewRenderEvent$FogColors
[10:12:01] [Client thread/INFO]: [OptiFine] (Reflector) Class not present: net.minecraftforge.fml.common.eventhandler.Event
[10:12:01] [Client thread/INFO]: [OptiFine] (Reflector) Class not present: net.minecraftforge.fml.common.eventhandler.EventBus
[10:12:01] [Client thread/INFO]: [OptiFine] (Reflector) Class not present: net.minecraftforge.fml.common.eventhandler.Event$Result
[10:12:01] [Client thread/INFO]: [OptiFine] (Reflector) Class not present: net.minecraftforge.common.property.ExtendedBlockState
[10:12:01] [Client thread/INFO]: [OptiFine] (Reflector) Class not present: net.minecraftforge.fml.client.FMLClientHandler
[10:12:01] [Client thread/INFO]: [OptiFine] (Reflector) Class not present: net.minecraftforge.fml.common.FMLCommonHandler
[10:12:01] [Client thread/INFO]: [OptiFine] (Reflector) Method not present: net.minecraft.world.biome.BiomeGenBase.getWaterColorMultiplier
[10:12:01] [Client thread/INFO]: [OptiFine] (Reflector) Method not present: net.minecraft.block.Block.addDestroyEffects
[10:12:01] [Client thread/INFO]: [OptiFine] (Reflector) Method not present: net.minecraft.block.Block.addHitEffects
[10:12:01] [Client thread/INFO]: [OptiFine] (Reflector) Method not present: net.minecraft.block.Block.canCreatureSpawn
[10:12:01] [Client thread/INFO]: [OptiFine] (Reflector) Method not present: net.minecraft.block.Block.canRenderInLayer
[10:12:01] [Client thread/INFO]: [OptiFine] (Reflector) Method not present: net.minecraft.block.Block.doesSideBlockRendering
[10:12:01] [Client thread/INFO]: [OptiFine] (Reflector) Method not present: net.minecraft.block.Block.getBedDirection
[10:12:01] [Client thread/INFO]: [OptiFine] (Reflector) Method not present: net.minecraft.block.Block.getExtendedState
[10:12:01] [Client thread/INFO]: [OptiFine] (Reflector) Method not present: net.minecraft.block.Block.hasTileEntity
[10:12:01] [Client thread/INFO]: [OptiFine] (Reflector) Method not present: net.minecraft.block.Block.isAir
[10:12:01] [Client thread/INFO]: [OptiFine] (Reflector) Method not present: net.minecraft.block.Block.isBed
[10:12:01] [Client thread/INFO]: [OptiFine] (Reflector) Method not present: net.minecraft.block.Block.isBedFoot
[10:12:01] [Client thread/INFO]: [OptiFine] (Reflector) Method not present: net.minecraft.block.Block.isSideSolid
[10:12:01] [Client thread/INFO]: [OptiFine] (Reflector) Method not present: net.minecraft.entity.Entity.canRiderInteract
[10:12:01] [Client thread/INFO]: [OptiFine] (Reflector) Field not present: net.minecraft.entity.Entity.captureDrops
[10:12:01] [Client thread/INFO]: [OptiFine] (Reflector) Field not present: net.minecraft.entity.Entity.capturedDrops
[10:12:01] [Client thread/INFO]: [OptiFine] (Reflector) Method not present: net.minecraft.entity.Entity.shouldRenderInPass
[10:12:01] [Client thread/INFO]: [OptiFine] (Reflector) Method not present: net.minecraft.entity.Entity.shouldRiderSit
[10:12:01] [Client thread/INFO]: [OptiFine] (Reflector) Class not present: net.minecraftforge.event.ForgeEventFactory
[10:12:01] [Client thread/INFO]: [OptiFine] (Reflector) Class not present: net.minecraftforge.common.ForgeHooks
[10:12:01] [Client thread/INFO]: [OptiFine] (Reflector) Class not present: net.minecraftforge.client.ForgeHooksClient
[10:12:01] [Client thread/INFO]: [OptiFine] (Reflector) Method not present: net.minecraft.item.Item.getDurabilityForDisplay
[10:12:01] [Client thread/INFO]: [OptiFine] (Reflector) Method not present: net.minecraft.item.Item.getModel
[10:12:01] [Client thread/INFO]: [OptiFine] (Reflector) Method not present: net.minecraft.item.Item.onEntitySwing
[10:12:01] [Client thread/INFO]: [OptiFine] (Reflector) Method not present: net.minecraft.item.Item.shouldCauseReequipAnimation
[10:12:01] [Client thread/INFO]: [OptiFine] (Reflector) Method not present: net.minecraft.item.Item.showDurabilityBar
[10:12:01] [Client thread/INFO]: [OptiFine] (Reflector) Method not present: net.minecraft.item.ItemRecord.getRecordResource
[10:12:01] [Client thread/INFO]: [OptiFine] (Reflector) Class not present: net.minecraftforge.common.ForgeModContainer
[10:12:01] [Client thread/INFO]: [OptiFine] (Reflector) Method not present: net.minecraft.potion.PotionEffect.isCurativeItem
[10:12:01] [Client thread/INFO]: [OptiFine] (Reflector) Method not present: net.minecraft.tileentity.TileEntity.canRenderBreaking
[10:12:01] [Client thread/INFO]: [OptiFine] (Reflector) Method not present: net.minecraft.tileentity.TileEntity.getRenderBoundingBox
[10:12:01] [Client thread/INFO]: [OptiFine] (Reflector) Method not present: net.minecraft.tileentity.TileEntity.hasFastRenderer
[10:12:01] [Client thread/INFO]: [OptiFine] (Reflector) Method not present: net.minecraft.tileentity.TileEntity.shouldRenderInPass
[10:12:01] [Client thread/INFO]: [OptiFine] (Reflector) Method not present: net.minecraft.client.renderer.tileentity.TileEntityRendererDispatcher.preDrawBatch
[10:12:01] [Client thread/INFO]: [OptiFine] (Reflector) Method not present: net.minecraft.client.renderer.tileentity.TileEntityRendererDispatcher.drawBatch
[10:12:01] [Client thread/INFO]: [OptiFine] (Reflector) Method not present: net.minecraft.client.renderer.vertex.VertexFormatElement$EnumUsage.preDraw
[10:12:01] [Client thread/INFO]: [OptiFine] (Reflector) Method not present: net.minecraft.client.renderer.vertex.VertexFormatElement$EnumUsage.postDraw
[10:12:01] [Client thread/INFO]: [OptiFine] (Reflector) Method not present: net.minecraft.world.World.countEntities
[10:12:01] [Client thread/INFO]: [OptiFine] (Reflector) Method not present: net.minecraft.world.World.getPerWorldStorage
[10:12:01] [Client thread/INFO]: [OptiFine] (Reflector) Method not present: net.minecraft.world.WorldProvider.getCloudRenderer
[10:12:01] [Client thread/INFO]: [OptiFine] (Reflector) Method not present: net.minecraft.world.WorldProvider.getSkyRenderer
[10:12:01] [Client thread/INFO]: [OptiFine] (Reflector) Method not present: net.minecraft.world.WorldProvider.getWeatherRenderer
[10:12:01] [Client thread/INFO]: [OptiFine] (Reflector) Class not present: net.minecraftforge.fml.client.GuiModList
[10:12:01] [Client thread/INFO]: [OptiFine] (Reflector) Class not present: net.minecraftforge.client.model.IColoredBakedQuad
[10:12:01] [Client thread/INFO]: [OptiFine] (Reflector) Class not present: net.minecraftforge.common.property.IExtendedBlockState
[10:12:01] [Client thread/INFO]: [OptiFine] (Reflector) Class not present: net.minecraftforge.client.IRenderHandler
[10:12:01] [Client thread/INFO]: [OptiFine] (Reflector) Class not present: net.minecraftforge.client.model.ISmartBlockModel
[10:12:01] [Client thread/INFO]: [OptiFine] (Reflector) Class not present: net.minecraftforge.client.ItemModelMesherForge
[10:12:01] [Client thread/INFO]: [OptiFine] (Reflector) Class not present: net.minecraft.launchwrapper.Launch
[10:12:01] [Client thread/INFO]: [OptiFine] (Reflector) Class not present: net.minecraftforge.client.model.pipeline.LightUtil
[10:12:01] [Client thread/INFO]: [OptiFine] (Reflector) Class not present: net.minecraftforge.common.MinecraftForge
[10:12:01] [Client thread/INFO]: [OptiFine] (Reflector) Class not present: net.minecraftforge.client.MinecraftForgeClient
[10:12:01] [Client thread/INFO]: [OptiFine] (Reflector) Class not present: net.minecraftforge.client.model.ModelLoader
[10:12:01] [Client thread/INFO]: [OptiFine] (Reflector) Class not present: net.minecraftforge.client.event.RenderBlockOverlayEvent$OverlayType
[10:12:01] [Client thread/INFO]: [OptiFine] (Reflector) Class not present: net.minecraftforge.fml.client.registry.RenderingRegistry
[10:12:01] [Client thread/INFO]: [OptiFine] (Reflector) Class not present: net.minecraftforge.client.event.RenderItemInFrameEvent
[10:12:01] [Client thread/INFO]: [OptiFine] (Reflector) Class not present: net.minecraftforge.client.event.RenderLivingEvent$Pre
[10:12:01] [Client thread/INFO]: [OptiFine] (Reflector) Class not present: net.minecraftforge.client.event.RenderLivingEvent$Post
[10:12:01] [Client thread/INFO]: [OptiFine] (Reflector) Class not present: net.minecraftforge.client.event.RenderLivingEvent$Specials$Pre
[10:12:01] [Client thread/INFO]: [OptiFine] (Reflector) Class not present: net.minecraftforge.client.event.RenderLivingEvent$Specials$Post
[10:12:01] [Client thread/INFO]: [OptiFine] (Reflector) Class not present: net.minecraftforge.fml.client.SplashProgress
[10:12:01] [Client thread/INFO]: [OptiFine] (Reflector) Class not present: net.minecraftforge.event.world.WorldEvent$Load
[10:12:01] [Client thread/INFO]: [OptiFine] *** Reflector Vanilla ***
[10:12:01] [Client thread/INFO]: [OptiFine] (Reflector) Class not present: net.optifine.OptiFineClassTransformer
[10:12:01] [Client thread/INFO]: LWJGL Version: 2.9.4
[10:12:02] [Client thread/INFO]: [OptiFine] 
[10:12:02] [Client thread/INFO]: [OptiFine] OptiFine_1.8.8_HD_U_H8
[10:12:02] [Client thread/INFO]: [OptiFine] Build: null
[10:12:02] [Client thread/INFO]: [OptiFine] OS: Windows 10 (amd64) version 10.0
[10:12:02] [Client thread/INFO]: [OptiFine] Java: 1.8.0_202, Oracle Corporation
[10:12:02] [Client thread/INFO]: [OptiFine] VM: Java HotSpot(TM) 64-Bit Server VM (mixed mode), Oracle Corporation
[10:12:02] [Client thread/INFO]: [OptiFine] LWJGL: 2.9.4
[10:12:02] [Client thread/INFO]: [OptiFine] OpenGL: NVIDIA GeForce GTX 750/PCIe/SSE2, version 4.6.0 NVIDIA 531.79, NVIDIA Corporation
[10:12:02] [Client thread/INFO]: [OptiFine] OpenGL Version: 4.6.0
[10:12:02] [Client thread/INFO]: [OptiFine] Maximum texture size: 16384x16384
[10:12:02] [Thread-6/INFO]: [OptiFine] Checking for new version
[10:12:02] [Client thread/INFO]: [Shaders] ShadersMod version: 2.4.12
[10:12:02] [Client thread/INFO]: [Shaders] OpenGL Version: 4.6.0 NVIDIA 531.79
[10:12:02] [Client thread/INFO]: [Shaders] Vendor:  NVIDIA Corporation
[10:12:02] [Client thread/INFO]: [Shaders] Renderer: NVIDIA GeForce GTX 750/PCIe/SSE2
[10:12:02] [Client thread/INFO]: [Shaders] Capabilities:  2.0  2.1  3.0  3.2  4.0 
[10:12:02] [Client thread/INFO]: [Shaders] GL_MAX_DRAW_BUFFERS: 8
[10:12:02] [Client thread/INFO]: [Shaders] GL_MAX_COLOR_ATTACHMENTS_EXT: 8
[10:12:02] [Client thread/INFO]: [Shaders] GL_MAX_TEXTURE_IMAGE_UNITS: 32
[10:12:02] [Client thread/INFO]: [Shaders] Load ShadersMod configuration.
[10:12:02] [Client thread/INFO]: [Shaders] Save ShadersMod configuration.
[10:12:02] [Client thread/INFO]: [Shaders] No shaderpack loaded.
[10:12:02] [Client thread/INFO]: Reloading ResourceManager: Default
[10:12:02] [Client thread/INFO]: [OptiFine] *** Reloading textures ***
[10:12:02] [Client thread/INFO]: [OptiFine] Resource packs: Default
[10:12:02] [Client thread/WARN]: File minecraft:sounds/daun/chris.ogg does not exist, cannot add it to event minecraft:daun.chris
[10:12:02] [Sound Library Loader/INFO]: Starting up SoundSystem...
[10:12:03] [Thread-6/INFO]: [OptiFine] Version found: I7
[10:12:03] [Thread-7/INFO]: Initializing LWJGL OpenAL
[10:12:03] [Thread-7/INFO]: (The LWJGL binding of OpenAL.  For more information, see http://www.lwjgl.org)
[10:12:03] [Thread-7/INFO]: OpenAL initialized.
[10:12:03] [Sound Library Loader/INFO]: Sound engine started
[10:12:05] [Client thread/INFO]: [OptiFine] Mipmap levels: 4
[10:12:05] [Client thread/INFO]: [OptiFine] Multitexture: false
[10:12:05] [Client thread/INFO]: [OptiFine] ConnectedTextures: mcpatcher/ctm/default/0_glass_white/glass_pane_white.properties
[10:12:05] [Client thread/INFO]: [OptiFine] ConnectedTextures: mcpatcher/ctm/default/0_glass_white/glass_white.properties
[10:12:05] [Client thread/INFO]: [OptiFine] ConnectedTextures: mcpatcher/ctm/default/10_glass_purple/glass_pane_purple.properties
[10:12:05] [Client thread/INFO]: [OptiFine] ConnectedTextures: mcpatcher/ctm/default/10_glass_purple/glass_purple.properties
[10:12:05] [Client thread/INFO]: [OptiFine] ConnectedTextures: mcpatcher/ctm/default/11_glass_blue/glass_blue.properties
[10:12:05] [Client thread/INFO]: [OptiFine] ConnectedTextures: mcpatcher/ctm/default/11_glass_blue/glass_pane_blue.properties
[10:12:05] [Client thread/INFO]: [OptiFine] ConnectedTextures: mcpatcher/ctm/default/12_glass_brown/glass_brown.properties
[10:12:05] [Client thread/INFO]: [OptiFine] ConnectedTextures: mcpatcher/ctm/default/12_glass_brown/glass_pane_brown.properties
[10:12:05] [Client thread/INFO]: [OptiFine] ConnectedTextures: mcpatcher/ctm/default/13_glass_green/glass_green.properties
[10:12:06] [Client thread/INFO]: [OptiFine] ConnectedTextures: mcpatcher/ctm/default/13_glass_green/glass_pane_green.properties
[10:12:06] [Client thread/INFO]: [OptiFine] ConnectedTextures: mcpatcher/ctm/default/14_glass_red/glass_pane_red.properties
[10:12:06] [Client thread/INFO]: [OptiFine] ConnectedTextures: mcpatcher/ctm/default/14_glass_red/glass_red.properties
[10:12:06] [Client thread/INFO]: [OptiFine] ConnectedTextures: mcpatcher/ctm/default/15_glass_black/glass_black.properties
[10:12:06] [Client thread/INFO]: [OptiFine] ConnectedTextures: mcpatcher/ctm/default/15_glass_black/glass_pane_black.properties
[10:12:06] [Client thread/INFO]: [OptiFine] ConnectedTextures: mcpatcher/ctm/default/1_glass_orange/glass_orange.properties
[10:12:06] [Client thread/INFO]: [OptiFine] ConnectedTextures: mcpatcher/ctm/default/1_glass_orange/glass_pane_orange.properties
[10:12:06] [Client thread/INFO]: [OptiFine] ConnectedTextures: mcpatcher/ctm/default/2_glass_magenta/glass_magenta.properties
[10:12:06] [Client thread/INFO]: [OptiFine] ConnectedTextures: mcpatcher/ctm/default/2_glass_magenta/glass_pane_magenta.properties
[10:12:06] [Client thread/INFO]: [OptiFine] ConnectedTextures: mcpatcher/ctm/default/3_glass_light_blue/glass_light_blue.properties
[10:12:06] [Client thread/INFO]: [OptiFine] ConnectedTextures: mcpatcher/ctm/default/3_glass_light_blue/glass_pane_light_blue.properties
[10:12:06] [Client thread/INFO]: [OptiFine] ConnectedTextures: mcpatcher/ctm/default/4_glass_yellow/glass_pane_yellow.properties
[10:12:06] [Client thread/INFO]: [OptiFine] ConnectedTextures: mcpatcher/ctm/default/4_glass_yellow/glass_yellow.properties
[10:12:06] [Client thread/INFO]: [OptiFine] ConnectedTextures: mcpatcher/ctm/default/5_glass_lime/glass_lime.properties
[10:12:06] [Client thread/INFO]: [OptiFine] ConnectedTextures: mcpatcher/ctm/default/5_glass_lime/glass_pane_lime.properties
[10:12:06] [Client thread/INFO]: [OptiFine] ConnectedTextures: mcpatcher/ctm/default/6_glass_pink/glass_pane_pink.properties
[10:12:06] [Client thread/INFO]: [OptiFine] ConnectedTextures: mcpatcher/ctm/default/6_glass_pink/glass_pink.properties
[10:12:06] [Client thread/INFO]: [OptiFine] ConnectedTextures: mcpatcher/ctm/default/7_glass_gray/glass_gray.properties
[10:12:06] [Client thread/INFO]: [OptiFine] ConnectedTextures: mcpatcher/ctm/default/7_glass_gray/glass_pane_gray.properties
[10:12:06] [Client thread/INFO]: [OptiFine] ConnectedTextures: mcpatcher/ctm/default/8_glass_silver/glass_pane_silver.properties
[10:12:06] [Client thread/INFO]: [OptiFine] ConnectedTextures: mcpatcher/ctm/default/8_glass_silver/glass_silver.properties
[10:12:06] [Client thread/INFO]: [OptiFine] ConnectedTextures: mcpatcher/ctm/default/9_glass_cyan/glass_cyan.properties
[10:12:06] [Client thread/INFO]: [OptiFine] ConnectedTextures: mcpatcher/ctm/default/9_glass_cyan/glass_pane_cyan.properties
[10:12:06] [Client thread/INFO]: [OptiFine] ConnectedTextures: mcpatcher/ctm/default/bookshelf.properties
[10:12:06] [Client thread/INFO]: [OptiFine] ConnectedTextures: mcpatcher/ctm/default/glass.properties
[10:12:06] [Client thread/INFO]: [OptiFine] ConnectedTextures: mcpatcher/ctm/default/glasspane.properties
[10:12:06] [Client thread/INFO]: [OptiFine] ConnectedTextures: mcpatcher/ctm/default/sandstone.properties
[10:12:06] [Client thread/INFO]: [OptiFine] Multipass connected textures: false
[10:12:07] [Client thread/INFO]: Created: 1024x512 textures-atlas
[10:12:08] [Client thread/INFO]: [OptiFine] *** Reloading custom textures ***
[10:12:08] [Client thread/INFO]: [OptiFine] Enable face culling: acacia_leaves, birch_leaves, dark_oak_leaves, jungle_leaves, oak_leaves, spruce_leaves
[10:12:10] [Client thread/WARN]: An error occurred while updating property: value: enabled, module: brightness
java.lang.NullPointerException
	at cc.novoline.modules.visual.Brightness.onEnable(Brightness.java:43) ~[novoline-eclipse-ready/:?]
	at cc.novoline.modules.AbstractModule.enable(AbstractModule.java:410) ~[novoline-eclipse-ready/:?]
	at cc.novoline.modules.AbstractModule.setEnabled(AbstractModule.java:401) ~[novoline-eclipse-ready/:?]
	at cc.novoline.modules.configurations.holder.CreatingModuleHolder$EnabledPropertyFieldData.copyValue(CreatingModuleHolder.java:143) ~[novoline-eclipse-ready/:?]
	at cc.novoline.modules.configurations.ConfigManager.load(ConfigManager.java:108) [novoline-eclipse-ready/:?]
	at cc.novoline.Initializer.onProtection(Initializer.java:248) [novoline-eclipse-ready/:?]
	at cc.novoline.gui.screen.login.GuiLogin.drawScreen(GuiLogin.java:172) [novoline-eclipse-ready/:?]
	at net.minecraft.client.renderer.EntityRenderer.func_181560_a(EntityRenderer.java:1246) [novoline-eclipse-ready/:?]
	at net.minecraft.client.Minecraft.runGameLoop(Minecraft.java:1083) [novoline-eclipse-ready/:?]
	at net.minecraft.client.Minecraft.run(Minecraft.java:467) [novoline-eclipse-ready/:?]
	at net.minecraft.client.main.Main.main(Main.java:122) [novoline-eclipse-ready/:?]
	at Start.main(Start.java:13) [novoline-eclipse-ready/:?]
[10:12:10] [Client thread/WARN]: An error occurred while updating property: value: enabled, module: speed
java.lang.NullPointerException
	at cc.novoline.modules.move.Speed.onEnable(Speed.java:144) ~[novoline-eclipse-ready/:?]
	at cc.novoline.modules.AbstractModule.enable(AbstractModule.java:410) ~[novoline-eclipse-ready/:?]
	at cc.novoline.modules.AbstractModule.setEnabled(AbstractModule.java:401) ~[novoline-eclipse-ready/:?]
	at cc.novoline.modules.configurations.holder.CreatingModuleHolder$EnabledPropertyFieldData.copyValue(CreatingModuleHolder.java:143) ~[novoline-eclipse-ready/:?]
	at cc.novoline.modules.configurations.ConfigManager.load(ConfigManager.java:108) [novoline-eclipse-ready/:?]
	at cc.novoline.Initializer.onProtection(Initializer.java:248) [novoline-eclipse-ready/:?]
	at cc.novoline.gui.screen.login.GuiLogin.drawScreen(GuiLogin.java:172) [novoline-eclipse-ready/:?]
	at net.minecraft.client.renderer.EntityRenderer.func_181560_a(EntityRenderer.java:1246) [novoline-eclipse-ready/:?]
	at net.minecraft.client.Minecraft.runGameLoop(Minecraft.java:1083) [novoline-eclipse-ready/:?]
	at net.minecraft.client.Minecraft.run(Minecraft.java:467) [novoline-eclipse-ready/:?]
	at net.minecraft.client.main.Main.main(Main.java:122) [novoline-eclipse-ready/:?]
	at Start.main(Start.java:13) [novoline-eclipse-ready/:?]
[10:12:10] [Texture Downloader #1/INFO]: Downloading http texture from http://s.optifine.net/capes/Ловушка джокера.png to null
[10:12:10] [Texture Downloader #2/INFO]: Downloading http texture from http://s.optifine.net/capes/fsfdsf.png to null
[10:12:10] [Texture Downloader #3/INFO]: Downloading http texture from http://s.optifine.net/capes/fk_plfasdwa.png to null
[10:12:14] [Client thread/WARN]: Unable to play unknown soundEvent: minecraft:gui.button.press
[10:12:17] [Client thread/WARN]: Unable to play unknown soundEvent: minecraft:music.menu
[10:12:19] [Client thread/WARN]: Unable to play unknown soundEvent: minecraft:gui.button.press
[10:12:21] [Client thread/WARN]: Unable to play unknown soundEvent: minecraft:gui.button.press
[10:12:21] [Server thread/INFO]: Starting integrated minecraft server version 1.8.8
[10:12:21] [Server thread/INFO]: Generating keypair
[10:12:21] [Server thread/INFO]: Preparing start region for level 0
[10:12:22] [Server thread/INFO]: Preparing spawn area: 69%
[10:12:22] [Server thread/INFO]: Changing view distance to 8, from 10
[10:12:23] [Server thread/INFO]: fk_plfasdwa[local:E:5f625879] logged in with entity id 429 at (190.5, 68.0, 192.5)
[10:12:23] [Server thread/INFO]: fk_plfasdwa joined the game
[10:12:23] [Texture Downloader #4/INFO]: Downloading http texture from https://assets.novoline.wtf/capes/gast.png to null
[10:12:23] [Client thread/WARN]: Unable to play unknown soundEvent: minecraft:mob.pig.say
[10:12:23] [Texture Downloader #5/INFO]: Downloading http texture from https://assets.novoline.wtf/capes/gast.png to null
[10:12:23] [Texture Downloader #6/INFO]: Downloading http texture from https://assets.novoline.wtf/capes/gast.png to null
[10:12:23] [Texture Downloader #7/INFO]: Downloading http texture from https://assets.novoline.wtf/capes/gast.png to null
[10:12:23] [Texture Downloader #8/INFO]: Downloading http texture from https://assets.novoline.wtf/capes/gast.png to null
[10:12:23] [Texture Downloader #9/INFO]: Downloading http texture from https://assets.novoline.wtf/capes/gast.png to null
[10:12:23] [Texture Downloader #10/INFO]: Downloading http texture from https://assets.novoline.wtf/capes/gast.png to null
[10:12:23] [Texture Downloader #11/INFO]: Downloading http texture from https://assets.novoline.wtf/capes/gast.png to null
[10:12:23] [Texture Downloader #12/INFO]: Downloading http texture from https://assets.novoline.wtf/capes/gast.png to null
[10:12:23] [Texture Downloader #13/INFO]: Downloading http texture from https://assets.novoline.wtf/capes/gast.png to null
[10:12:23] [Texture Downloader #14/INFO]: Downloading http texture from https://assets.novoline.wtf/capes/gast.png to null
[10:12:23] [Texture Downloader #15/INFO]: Downloading http texture from https://assets.novoline.wtf/capes/gast.png to null
[10:12:23] [Texture Downloader #16/INFO]: Downloading http texture from https://assets.novoline.wtf/capes/gast.png to null
[10:12:30] [Client thread/WARN]: Unable to play unknown soundEvent: minecraft:mob.pig.say
[10:12:30] [Client thread/WARN]: Unable to play unknown soundEvent: minecraft:music.game
[10:12:36] [Client thread/WARN]: Unable to play unknown soundEvent: minecraft:step.grass
[10:12:36] [Client thread/WARN]: Unable to play unknown soundEvent: minecraft:step.grass
[10:12:36] [Client thread/WARN]: Unable to play unknown soundEvent: minecraft:step.grass
[10:12:36] [Client thread/WARN]: Unable to play unknown soundEvent: minecraft:step.grass
[10:12:37] [Client thread/WARN]: Unable to play unknown soundEvent: minecraft:step.grass
[10:12:37] [Chunk Batcher 0/WARN]: Biome ID is out of bounds: 2563, defaulting to 0 (Ocean)
[10:12:37] [Chunk Batcher 0/WARN]: Biome ID is out of bounds: 2049, defaulting to 0 (Ocean)
[10:12:37] [Chunk Batcher 0/WARN]: Biome ID is out of bounds: 2049, defaulting to 0 (Ocean)
[10:12:37] [Chunk Batcher 0/WARN]: Biome ID is out of bounds: 2049, defaulting to 0 (Ocean)
[10:12:37] [Chunk Batcher 0/WARN]: Biome ID is out of bounds: 2049, defaulting to 0 (Ocean)
[10:12:37] [Chunk Batcher 0/WARN]: Biome ID is out of bounds: 2563, defaulting to 0 (Ocean)
[10:12:37] [Chunk Batcher 0/WARN]: Biome ID is out of bounds: 2049, defaulting to 0 (Ocean)
[10:12:37] [Chunk Batcher 0/WARN]: Biome ID is out of bounds: 2049, defaulting to 0 (Ocean)
[10:12:37] [Chunk Batcher 0/WARN]: Biome ID is out of bounds: 2563, defaulting to 0 (Ocean)
[10:12:37] [Chunk Batcher 0/WARN]: Biome ID is out of bounds: 2049, defaulting to 0 (Ocean)
[10:12:37] [Chunk Batcher 0/WARN]: Biome ID is out of bounds: 2049, defaulting to 0 (Ocean)
[10:12:37] [Client thread/WARN]: Unable to play unknown soundEvent: minecraft:step.grass
[10:12:38] [Client thread/WARN]: Unable to play unknown soundEvent: minecraft:step.grass
[10:12:38] [Client thread/WARN]: Unable to play unknown soundEvent: minecraft:step.grass
[10:12:38] [Client thread/WARN]: Unable to play unknown soundEvent: minecraft:mob.pig.say
[10:12:38] [Client thread/WARN]: Unable to play unknown soundEvent: minecraft:step.grass
[10:12:39] [Client thread/WARN]: Unable to play unknown soundEvent: minecraft:step.grass
[10:12:39] [Client thread/WARN]: Unable to play unknown soundEvent: minecraft:step.grass
[10:12:40] [Client thread/WARN]: Unable to play unknown soundEvent: minecraft:step.grass
[10:12:40] [Client thread/WARN]: Unable to play unknown soundEvent: minecraft:step.grass
[10:12:40] [Client thread/WARN]: Unable to play unknown soundEvent: minecraft:liquid.water
[10:12:41] [Client thread/WARN]: Unable to play unknown soundEvent: minecraft:step.grass
[10:12:41] [Client thread/WARN]: Unable to play unknown soundEvent: minecraft:mob.pig.step
[10:12:46] [Client thread/WARN]: Unable to play unknown soundEvent: minecraft:mob.pig.say
[10:12:46] [Client thread/WARN]: Unable to play unknown soundEvent: minecraft:mob.pig.say
[10:12:46] [Client thread/WARN]: Unable to play unknown soundEvent: minecraft:step.grass
[10:12:46] [Client thread/WARN]: Unable to play unknown soundEvent: minecraft:mob.pig.step
[10:12:46] [Client thread/WARN]: Unable to play unknown soundEvent: minecraft:mob.pig.say
[10:12:46] [Client thread/WARN]: Unable to play unknown soundEvent: minecraft:step.grass
[10:12:47] [Client thread/WARN]: Unable to play unknown soundEvent: minecraft:step.grass
[10:12:47] [Client thread/WARN]: Unable to play unknown soundEvent: minecraft:mob.pig.step
[10:12:47] [Client thread/WARN]: Unable to play unknown soundEvent: minecraft:mob.pig.say
[10:12:47] [Client thread/WARN]: Unable to play unknown soundEvent: minecraft:step.grass
[10:12:47] [Client thread/WARN]: Unable to play unknown soundEvent: minecraft:step.grass
[10:12:47] [Client thread/WARN]: Unable to play unknown soundEvent: minecraft:mob.pig.step
[10:12:47] [Client thread/WARN]: Unable to play unknown soundEvent: minecraft:mob.pig.step
[10:12:47] [Client thread/WARN]: Unable to play unknown soundEvent: minecraft:game.neutral.swim.splash
[10:12:48] [Client thread/WARN]: Unable to play unknown soundEvent: minecraft:step.grass
[10:12:48] [Client thread/WARN]: Unable to play unknown soundEvent: minecraft:step.grass
[10:12:48] [Client thread/WARN]: Unable to play unknown soundEvent: minecraft:game.neutral.swim
[10:12:48] [Client thread/WARN]: Unable to play unknown soundEvent: minecraft:mob.pig.step
[10:12:48] [Client thread/WARN]: Unable to play unknown soundEvent: minecraft:step.grass
[10:12:49] [Client thread/WARN]: Unable to play unknown soundEvent: minecraft:game.player.swim.splash
[10:12:49] [Client thread/WARN]: Unable to play unknown soundEvent: minecraft:mob.pig.say
[10:12:49] [Client thread/WARN]: Unable to play unknown soundEvent: minecraft:game.player.swim
[10:12:49] [Client thread/WARN]: Unable to play unknown soundEvent: minecraft:step.sand
[10:12:49] [Client thread/WARN]: Unable to play unknown soundEvent: minecraft:mob.pig.step
[10:12:49] [Client thread/WARN]: Unable to play unknown soundEvent: minecraft:game.neutral.swim.splash
[10:12:50] [Client thread/WARN]: Unable to play unknown soundEvent: minecraft:game.player.swim.splash
[10:12:50] [Client thread/WARN]: Unable to play unknown soundEvent: minecraft:game.player.swim
[10:12:50] [Client thread/WARN]: Unable to play unknown soundEvent: minecraft:game.neutral.swim
[10:12:50] [Client thread/WARN]: Unable to play unknown soundEvent: minecraft:mob.pig.step
[10:12:50] [Client thread/WARN]: Unable to play unknown soundEvent: minecraft:game.player.swim
[10:12:50] [Client thread/WARN]: Unable to play unknown soundEvent: minecraft:mob.pig.say
[10:12:50] [Client thread/WARN]: Unable to play unknown soundEvent: minecraft:step.sand
[10:12:51] [Client thread/WARN]: Unable to play unknown soundEvent: minecraft:liquid.water
[10:12:51] [Client thread/WARN]: Unable to play unknown soundEvent: minecraft:mob.pig.step
[10:12:51] [Client thread/WARN]: Unable to play unknown soundEvent: minecraft:game.player.swim
[10:12:51] [Client thread/WARN]: Unable to play unknown soundEvent: minecraft:game.hostile.swim.splash
[10:12:51] [Client thread/WARN]: Unable to play unknown soundEvent: minecraft:game.hostile.swim
[10:12:51] [Client thread/WARN]: Unable to play unknown soundEvent: minecraft:step.sand
[10:12:51] [Client thread/WARN]: Unable to play unknown soundEvent: minecraft:game.neutral.swim.splash
[10:12:51] [Client thread/WARN]: Unable to play unknown soundEvent: minecraft:game.neutral.swim
[10:12:51] [Client thread/WARN]: Unable to play unknown soundEvent: minecraft:mob.pig.step
[10:12:51] [Client thread/WARN]: Unable to play unknown soundEvent: minecraft:mob.pig.say
[10:12:51] [Client thread/WARN]: Unable to play unknown soundEvent: minecraft:game.player.swim
[10:12:51] [Client thread/WARN]: Unable to play unknown soundEvent: minecraft:game.player.swim
[10:12:51] [Client thread/WARN]: Unable to play unknown soundEvent: minecraft:liquid.water
[10:12:52] [Client thread/WARN]: Unable to play unknown soundEvent: minecraft:step.grass
[10:12:52] [Client thread/WARN]: Unable to play unknown soundEvent: minecraft:step.grass
[10:12:52] [Client thread/WARN]: Unable to play unknown soundEvent: minecraft:game.neutral.swim.splash
[10:12:52] [Client thread/WARN]: Unable to play unknown soundEvent: minecraft:step.grass
[10:12:52] [Client thread/WARN]: Unable to play unknown soundEvent: minecraft:game.neutral.swim.splash
[10:12:52] [Client thread/WARN]: Unable to play unknown soundEvent: minecraft:game.potion.smash
[10:12:52] [Client thread/WARN]: Unable to play unknown soundEvent: minecraft:mob.chicken.step
[10:12:52] [Client thread/WARN]: Unable to play unknown soundEvent: minecraft:step.grass
[10:12:53] [Client thread/WARN]: Unable to play unknown soundEvent: minecraft:step.grass
[10:12:54] [Client thread/WARN]: Unable to play unknown soundEvent: minecraft:mob.chicken.say
[10:12:55] [Client thread/WARN]: Unable to play unknown soundEvent: minecraft:liquid.water
[10:12:58] [Client thread/WARN]: Unable to play unknown soundEvent: minecraft:mob.chicken.say
[10:12:59] [Client thread/WARN]: Unable to play unknown soundEvent: minecraft:liquid.water
[10:12:59] [Client thread/WARN]: Unable to play unknown soundEvent: minecraft:mob.pig.step
[10:13:00] [Client thread/WARN]: Unable to play unknown soundEvent: minecraft:mob.pig.step
[10:13:02] [Client thread/WARN]: Unable to play unknown soundEvent: minecraft:mob.pig.say
[10:13:03] [Client thread/WARN]: Unable to play unknown soundEvent: minecraft:mob.chicken.say
[10:13:04] [Client thread/WARN]: Unable to play unknown soundEvent: minecraft:mob.chicken.step
[10:13:04] [Client thread/WARN]: Unable to play unknown soundEvent: minecraft:mob.chicken.step
[10:13:05] [Client thread/WARN]: Unable to play unknown soundEvent: minecraft:mob.chicken.step
[10:13:06] [Client thread/WARN]: Unable to play unknown soundEvent: minecraft:mob.chicken.say
[10:13:06] [Client thread/WARN]: Unable to play unknown soundEvent: minecraft:mob.chicken.step
[10:13:06] [Client thread/WARN]: Unable to play unknown soundEvent: minecraft:mob.chicken.step
[10:13:07] [Client thread/WARN]: Unable to play unknown soundEvent: minecraft:mob.chicken.say
[10:13:07] [Client thread/WARN]: Unable to play unknown soundEvent: minecraft:step.grass
[10:13:08] [Client thread/WARN]: Unable to play unknown soundEvent: minecraft:mob.chicken.step
[10:13:08] [Client thread/WARN]: Unable to play unknown soundEvent: minecraft:step.grass
[10:13:08] [Client thread/WARN]: Unable to play unknown soundEvent: minecraft:step.grass
[10:13:09] [Client thread/WARN]: Unable to play unknown soundEvent: minecraft:step.grass
[10:13:09] [Client thread/WARN]: Unable to play unknown soundEvent: minecraft:step.grass
[10:13:09] [Client thread/WARN]: Unable to play unknown soundEvent: minecraft:game.hostile.swim.splash
[10:13:09] [Client thread/WARN]: Unable to play unknown soundEvent: minecraft:game.hostile.swim
[10:13:09] [Client thread/WARN]: Unable to play unknown soundEvent: minecraft:step.grass
[10:13:09] [Client thread/WARN]: Unable to play unknown soundEvent: minecraft:step.grass
[10:13:10] [Client thread/WARN]: Unable to play unknown soundEvent: minecraft:game.hostile.swim.splash
[10:13:10] [Client thread/WARN]: Unable to play unknown soundEvent: minecraft:game.hostile.swim
[10:13:12] [Client thread/WARN]: Unable to play unknown soundEvent: minecraft:game.player.swim.splash
[10:13:12] [Client thread/WARN]: Unable to play unknown soundEvent: minecraft:game.hostile.swim
[10:13:12] [Client thread/WARN]: Unable to play unknown soundEvent: minecraft:game.hostile.swim.splash
[10:13:13] [Client thread/WARN]: Unable to play unknown soundEvent: minecraft:game.player.swim
[10:13:13] [Client thread/WARN]: Unable to play unknown soundEvent: minecraft:mob.bat.takeoff
[10:13:14] [Client thread/WARN]: Unable to play unknown soundEvent: minecraft:game.player.swim
[10:13:14] [Client thread/WARN]: Unable to play unknown soundEvent: minecraft:liquid.water
[10:13:14] [Client thread/WARN]: Unable to play unknown soundEvent: minecraft:game.player.swim
[10:13:15] [Client thread/WARN]: Unable to play unknown soundEvent: minecraft:game.hostile.swim.splash
[10:13:15] [Client thread/WARN]: Unable to play unknown soundEvent: minecraft:game.player.swim
[10:13:15] [Client thread/WARN]: Unable to play unknown soundEvent: minecraft:step.sand
[10:13:16] [Client thread/WARN]: Unable to play unknown soundEvent: minecraft:step.sand
[10:13:16] [Client thread/WARN]: Unable to play unknown soundEvent: minecraft:game.player.swim
[10:13:17] [Client thread/WARN]: Unable to play unknown soundEvent: minecraft:game.player.swim.splash
[10:13:18] [Client thread/WARN]: Unable to play unknown soundEvent: minecraft:game.hostile.swim.splash
[10:13:18] [Client thread/WARN]: Unable to play unknown soundEvent: minecraft:game.hostile.swim
[10:13:18] [Client thread/WARN]: Unable to play unknown soundEvent: minecraft:game.player.swim.splash
[10:13:18] [Client thread/WARN]: Unable to play unknown soundEvent: minecraft:game.hostile.swim
[10:13:19] [Client thread/WARN]: Unable to play unknown soundEvent: minecraft:game.player.swim
[10:13:19] [Client thread/WARN]: Unable to play unknown soundEvent: minecraft:game.hostile.swim.splash
[10:13:19] [Client thread/WARN]: Unable to play unknown soundEvent: minecraft:game.hostile.swim
[10:13:19] [Client thread/WARN]: Unable to play unknown soundEvent: minecraft:game.hostile.swim.splash
[10:13:20] [Client thread/WARN]: Unable to play unknown soundEvent: minecraft:game.hostile.swim
[10:13:20] [Client thread/WARN]: Unable to play unknown soundEvent: minecraft:game.player.swim.splash
[10:13:20] [Client thread/WARN]: Unable to play unknown soundEvent: minecraft:game.player.swim
[10:13:20] [Client thread/WARN]: Unable to play unknown soundEvent: minecraft:step.gravel
[10:13:20] [Client thread/WARN]: Unable to play unknown soundEvent: minecraft:game.player.swim.splash
[10:13:20] [Client thread/WARN]: Unable to play unknown soundEvent: minecraft:game.player.swim
[10:13:21] [Client thread/WARN]: Unable to play unknown soundEvent: minecraft:game.hostile.swim.splash
[10:13:21] [Client thread/WARN]: Unable to play unknown soundEvent: minecraft:game.player.swim.splash
[10:13:21] [Client thread/WARN]: Unable to play unknown soundEvent: minecraft:game.player.swim
[10:13:21] [Client thread/WARN]: Unable to play unknown soundEvent: minecraft:game.player.swim
[10:13:22] [Client thread/WARN]: Unable to play unknown soundEvent: minecraft:game.player.swim
[10:13:22] [Client thread/WARN]: Unable to play unknown soundEvent: minecraft:game.player.swim
[10:13:22] [Client thread/WARN]: Unable to play unknown soundEvent: minecraft:game.player.swim
[10:13:22] [Client thread/WARN]: Unable to play unknown soundEvent: minecraft:step.grass
[10:13:23] [Client thread/WARN]: Unable to play unknown soundEvent: minecraft:step.grass
[10:13:25] [Client thread/WARN]: Unable to play unknown soundEvent: minecraft:step.grass
[10:13:28] [Client thread/WARN]: Unable to play unknown soundEvent: minecraft:gui.button.press
[10:13:28] [Client thread/WARN]: Unable to play unknown soundEvent: minecraft:gui.button.press
[10:13:29] [Client thread/WARN]: Unable to play unknown soundEvent: minecraft:gui.button.press
[10:13:30] [Client thread/WARN]: Unable to play unknown soundEvent: minecraft:gui.button.press
[10:13:31] [Client thread/WARN]: Unable to play unknown soundEvent: minecraft:gui.button.press
[10:13:34] [Client thread/WARN]: Unable to play unknown soundEvent: minecraft:gui.button.press
[10:13:36] [Client thread/WARN]: Unable to play unknown soundEvent: minecraft:game.hostile.swim.splash
[10:13:36] [Client thread/WARN]: Unable to play unknown soundEvent: minecraft:game.hostile.swim
[10:13:36] [Client thread/WARN]: Unable to play unknown soundEvent: minecraft:mob.zombie.step
[10:13:37] [Client thread/WARN]: Unable to play unknown soundEvent: minecraft:game.hostile.swim.splash
[10:13:38] [Client thread/WARN]: Unable to play unknown soundEvent: minecraft:mob.zombie.say
[10:13:38] [Client thread/WARN]: Unable to play unknown soundEvent: minecraft:game.hostile.swim.splash
[10:13:40] [Client thread/WARN]: Unable to play unknown soundEvent: minecraft:game.hostile.swim.splash
[10:13:40] [Client thread/WARN]: Unable to play unknown soundEvent: minecraft:game.hostile.swim
[10:13:40] [Client thread/WARN]: Unable to play unknown soundEvent: minecraft:mob.zombie.step
[10:13:41] [Client thread/WARN]: Unable to play unknown soundEvent: minecraft:game.hostile.swim.splash
[10:13:42] [Client thread/WARN]: Unable to play unknown soundEvent: minecraft:step.grass
[10:13:43] [Client thread/WARN]: Unable to play unknown soundEvent: minecraft:game.hostile.swim.splash
[10:13:43] [Client thread/WARN]: Unable to play unknown soundEvent: minecraft:mob.zombie.say
[10:13:43] [Client thread/WARN]: Unable to play unknown soundEvent: minecraft:game.hostile.swim
[10:13:43] [Client thread/WARN]: Unable to play unknown soundEvent: minecraft:mob.zombie.step
[10:13:44] [Client thread/WARN]: Unable to play unknown soundEvent: minecraft:step.grass
[10:13:44] [Client thread/WARN]: Unable to play unknown soundEvent: minecraft:game.hostile.swim.splash
[10:13:44] [Client thread/WARN]: Unable to play unknown soundEvent: minecraft:step.grass
[10:13:44] [Client thread/WARN]: Unable to play unknown soundEvent: minecraft:step.grass
[10:13:45] [Client thread/WARN]: Unable to play unknown soundEvent: minecraft:mob.bat.takeoff
[10:13:45] [Client thread/WARN]: Unable to play unknown soundEvent: minecraft:step.grass
[10:13:45] [Client thread/WARN]: Unable to play unknown soundEvent: minecraft:step.grass
[10:13:45] [Client thread/WARN]: Unable to play unknown soundEvent: minecraft:step.grass
[10:13:46] [Client thread/WARN]: Unable to play unknown soundEvent: minecraft:step.grass
[10:13:46] [Client thread/WARN]: Unable to play unknown soundEvent: minecraft:game.hostile.swim.splash
[10:13:46] [Client thread/WARN]: Unable to play unknown soundEvent: minecraft:step.grass
[10:13:46] [Client thread/WARN]: Unable to play unknown soundEvent: minecraft:step.grass
[10:13:46] [Client thread/WARN]: Unable to play unknown soundEvent: minecraft:step.grass
[10:13:46] [Client thread/WARN]: Unable to play unknown soundEvent: minecraft:step.grass
[10:13:47] [Client thread/WARN]: Unable to play unknown soundEvent: minecraft:step.grass
[10:13:47] [Client thread/WARN]: Unable to play unknown soundEvent: minecraft:step.grass
[10:13:47] [Client thread/WARN]: Unable to play unknown soundEvent: minecraft:mob.zombie.step
[10:13:47] [Client thread/WARN]: Unable to play unknown soundEvent: minecraft:step.grass
[10:13:48] [Client thread/WARN]: Unable to play unknown soundEvent: minecraft:step.grass
[10:13:48] [Client thread/WARN]: Unable to play unknown soundEvent: minecraft:mob.zombie.step
[10:13:48] [Client thread/WARN]: Unable to play unknown soundEvent: minecraft:step.grass
[10:13:49] [Client thread/WARN]: Unable to play unknown soundEvent: minecraft:step.grass
[10:13:49] [Client thread/WARN]: Unable to play unknown soundEvent: minecraft:mob.zombie.step
[10:13:49] [Client thread/WARN]: Unable to play unknown soundEvent: minecraft:step.grass
[10:13:49] [Client thread/WARN]: Unable to play unknown soundEvent: minecraft:mob.zombie.step
[10:13:50] [Client thread/WARN]: Unable to play unknown soundEvent: minecraft:mob.zombie.step
[10:13:50] [Client thread/WARN]: Unable to play unknown soundEvent: minecraft:mob.zombie.hurt
[10:13:50] [Client thread/WARN]: Unable to play unknown soundEvent: minecraft:mob.zombie.say
[10:13:51] [Client thread/WARN]: Unable to play unknown soundEvent: minecraft:mob.zombie.step
[10:13:51] [Client thread/WARN]: Unable to play unknown soundEvent: minecraft:mob.zombie.hurt
[10:13:51] [Client thread/WARN]: Unable to play unknown soundEvent: minecraft:step.grass
[10:13:51] [Client thread/WARN]: Unable to play unknown soundEvent: minecraft:mob.zombie.step
[10:13:52] [Client thread/WARN]: Unable to play unknown soundEvent: minecraft:step.grass
[10:13:52] [Client thread/WARN]: Unable to play unknown soundEvent: minecraft:mob.zombie.step
[10:13:52] [Client thread/WARN]: Unable to play unknown soundEvent: minecraft:step.grass
[10:13:52] [Client thread/WARN]: Unable to play unknown soundEvent: minecraft:mob.zombie.step
[10:13:52] [Client thread/WARN]: Unable to play unknown soundEvent: minecraft:mob.zombie.hurt
[10:13:52] [Client thread/WARN]: Unable to play unknown soundEvent: minecraft:step.grass
[10:13:53] [Client thread/WARN]: Unable to play unknown soundEvent: minecraft:step.grass
[10:13:53] [Client thread/WARN]: Unable to play unknown soundEvent: minecraft:mob.zombie.step
[10:13:53] [Client thread/WARN]: Unable to play unknown soundEvent: minecraft:game.hostile.swim.splash
[10:13:53] [Client thread/WARN]: Unable to play unknown soundEvent: minecraft:step.grass
[10:13:53] [Client thread/WARN]: Unable to play unknown soundEvent: minecraft:step.grass
[10:13:54] [Client thread/WARN]: Unable to play unknown soundEvent: minecraft:step.grass
[10:13:54] [Client thread/WARN]: Unable to play unknown soundEvent: minecraft:liquid.lava
[10:13:54] [Client thread/WARN]: Unable to play unknown soundEvent: minecraft:game.hostile.swim.splash
[10:13:54] [Client thread/WARN]: Unable to play unknown soundEvent: minecraft:step.grass
[10:13:55] [Client thread/WARN]: Unable to play unknown soundEvent: minecraft:game.hostile.swim.splash
[10:13:56] [Client thread/WARN]: Unable to play unknown soundEvent: minecraft:game.hostile.swim
[10:13:56] [Client thread/WARN]: Unable to play unknown soundEvent: minecraft:mob.zombie.step
[10:13:58] [Client thread/WARN]: Unable to play unknown soundEvent: minecraft:mob.zombie.say
[10:13:58] [Client thread/WARN]: Unable to play unknown soundEvent: minecraft:game.hostile.swim.splash
[10:13:59] [Client thread/WARN]: Unable to play unknown soundEvent: minecraft:step.grass
[10:13:59] [Client thread/WARN]: Unable to play unknown soundEvent: minecraft:mob.zombie.hurt
[10:14:00] [Client thread/WARN]: Unable to play unknown soundEvent: minecraft:mob.zombie.step
[10:14:00] [Client thread/WARN]: Unable to play unknown soundEvent: minecraft:game.hostile.swim.splash
[10:14:00] [Client thread/WARN]: Unable to play unknown soundEvent: minecraft:step.grass
[10:14:01] [Client thread/WARN]: Unable to play unknown soundEvent: minecraft:step.grass
[10:14:01] [Client thread/WARN]: Unable to play unknown soundEvent: minecraft:step.grass
[10:14:01] [Client thread/WARN]: Unable to play unknown soundEvent: minecraft:game.hostile.swim.splash
[10:14:01] [Client thread/WARN]: Unable to play unknown soundEvent: minecraft:step.grass
[10:14:02] [Client thread/WARN]: Unable to play unknown soundEvent: minecraft:step.grass
[10:14:02] [Client thread/WARN]: Unable to play unknown soundEvent: minecraft:game.hostile.swim.splash
[10:14:02] [Client thread/WARN]: Unable to play unknown soundEvent: minecraft:step.grass
[10:14:02] [Client thread/WARN]: Unable to play unknown soundEvent: minecraft:step.grass
[10:14:02] [Client thread/WARN]: Unable to play unknown soundEvent: minecraft:step.grass
[10:14:03] [Client thread/WARN]: Unable to play unknown soundEvent: minecraft:game.player.hurt
[10:14:03] [Client thread/WARN]: Unable to play unknown soundEvent: minecraft:game.hostile.swim.splash
[10:14:03] [Client thread/WARN]: Unable to play unknown soundEvent: minecraft:mob.bat.takeoff
[10:14:04] [Client thread/WARN]: Unable to play unknown soundEvent: minecraft:game.hostile.swim.splash
[10:14:04] [Client thread/WARN]: Unable to play unknown soundEvent: minecraft:game.player.hurt
[10:14:04] [Client thread/WARN]: Unable to play unknown soundEvent: minecraft:mob.zombie.say
[10:14:04] [Client thread/WARN]: Unable to play unknown soundEvent: minecraft:game.hostile.swim.splash
[10:14:05] [Client thread/WARN]: Unable to play unknown soundEvent: minecraft:game.player.hurt
[10:14:05] [Client thread/WARN]: Unable to play unknown soundEvent: minecraft:step.grass
[10:14:05] [Client thread/WARN]: Unable to play unknown soundEvent: minecraft:mob.zombie.hurt
[10:14:05] [Client thread/WARN]: Unable to play unknown soundEvent: minecraft:mob.zombie.step
[10:14:06] [Client thread/WARN]: Unable to play unknown soundEvent: minecraft:mob.zombie.step
[10:14:07] [Client thread/WARN]: Unable to play unknown soundEvent: minecraft:mob.zombie.step
[10:14:07] [Client thread/WARN]: Unable to play unknown soundEvent: minecraft:game.hostile.swim.splash
[10:14:07] [Client thread/WARN]: Unable to play unknown soundEvent: minecraft:liquid.lavapop
[10:14:07] [Client thread/WARN]: Unable to play unknown soundEvent: minecraft:liquid.lava
[10:14:08] [Client thread/WARN]: Unable to play unknown soundEvent: minecraft:game.hostile.swim.splash
[10:14:08] [Client thread/WARN]: Unable to play unknown soundEvent: minecraft:game.hostile.swim
[10:14:08] [Client thread/WARN]: Unable to play unknown soundEvent: minecraft:mob.zombie.step
[10:14:09] [Client thread/WARN]: Unable to play unknown soundEvent: minecraft:liquid.lavapop
[10:14:09] [Client thread/WARN]: Unable to play unknown soundEvent: minecraft:game.hostile.swim.splash
[10:14:09] [Client thread/WARN]: Unable to play unknown soundEvent: minecraft:mob.zombie.say
[10:14:09] [Client thread/WARN]: Unable to play unknown soundEvent: minecraft:liquid.lavapop
[10:14:10] [Client thread/WARN]: Unable to play unknown soundEvent: minecraft:game.hostile.swim.splash
[10:14:10] [Client thread/WARN]: Unable to play unknown soundEvent: minecraft:liquid.lavapop
[10:14:11] [Client thread/WARN]: Unable to play unknown soundEvent: minecraft:liquid.lavapop
[10:14:11] [Client thread/WARN]: Unable to play unknown soundEvent: minecraft:step.grass
[10:14:11] [Client thread/WARN]: Unable to play unknown soundEvent: minecraft:liquid.lavapop
[10:14:11] [Client thread/WARN]: Unable to play unknown soundEvent: minecraft:step.grass
[10:14:12] [Client thread/WARN]: Unable to play unknown soundEvent: minecraft:step.grass
[10:14:12] [Client thread/WARN]: Unable to play unknown soundEvent: minecraft:step.grass
[10:14:12] [Client thread/WARN]: Unable to play unknown soundEvent: minecraft:game.hostile.swim.splash
[10:14:12] [Client thread/WARN]: Unable to play unknown soundEvent: minecraft:step.grass
[10:14:13] [Client thread/WARN]: Unable to play unknown soundEvent: minecraft:step.grass
[10:14:13] [Client thread/WARN]: Unable to play unknown soundEvent: minecraft:step.grass
[10:14:13] [Client thread/WARN]: Unable to play unknown soundEvent: minecraft:step.grass
[10:14:13] [Client thread/WARN]: Unable to play unknown soundEvent: minecraft:step.grass
[10:14:13] [Client thread/WARN]: Unable to play unknown soundEvent: minecraft:step.grass
[10:14:16] [Client thread/WARN]: Unable to play unknown soundEvent: minecraft:game.player.hurt.fall.big
[10:14:16] [Client thread/WARN]: Unable to play unknown soundEvent: minecraft:step.stone
[10:14:16] [Client thread/WARN]: Unable to play unknown soundEvent: minecraft:step.stone
[10:14:16] [Client thread/WARN]: Unable to play unknown soundEvent: minecraft:game.player.hurt
[10:14:19] [Client thread/INFO]: [CHAT] /gamemode, /give, /gamerule
[10:14:20] [Server thread/INFO]: [fk_plfasdwa: Set own game mode to Creative Mode]
[10:14:20] [Client thread/INFO]: [CHAT] Your game mode has been updated
[10:14:23] [Client thread/INFO]: Stopping!
[10:14:23] [Client thread/INFO]: SoundSystem shutting down...
[10:14:23] [Server thread/INFO]: Stopping server
[10:14:23] [Server thread/INFO]: Saving players
[10:14:23] [Server thread/INFO]: Saving worlds
[10:14:23] [Server thread/INFO]: Saving chunks for level 'New World'/Overworld
[10:14:24] [Server thread/INFO]: Saving chunks for level 'New World'/Nether
[10:14:24] [Server thread/INFO]: Saving chunks for level 'New World'/The End
[10:14:24] [Client thread/WARN]: Author: Paul Lamb, www.paulscode.com
