[10:08:03] [Client thread/ERROR]: Can't find the resource index file: assets\indexes\1.8.json
[10:08:03] [Client thread/INFO]: Setting user: Player
[10:08:03] [Client thread/INFO]: (Session ID is token:0:Player)
[10:08:05] [Client thread/INFO]: [OptiFine] *** Reflector Forge ***
[10:08:05] [Client thread/INFO]: [OptiFine] (Reflector) Class not present: net.minecraftforge.client.model.Attributes
[10:08:05] [Client thread/INFO]: [OptiFine] (Reflector) Class not present: mods.betterfoliage.client.BetterFoliageClient
[10:08:05] [Client thread/INFO]: [OptiFine] (Reflector) Class not present: net.minecraftforge.fml.common.asm.transformers.BlamingTransformer
[10:08:05] [Client thread/INFO]: [OptiFine] (Reflector) Class not present: net.minecraftforge.event.world.ChunkWatchEvent$UnWatch
[10:08:05] [Client thread/INFO]: [OptiFine] (Reflector) Class not present: net.minecraftforge.fml.relauncher.CoreModManager
[10:08:05] [Client thread/INFO]: [OptiFine] (Reflector) Class not present: net.minecraftforge.common.DimensionManager
[10:08:05] [Client thread/INFO]: [OptiFine] (Reflector) Class not present: net.minecraftforge.client.event.GuiScreenEvent$DrawScreenEvent$Pre
[10:08:05] [Client thread/INFO]: [OptiFine] (Reflector) Class not present: net.minecraftforge.client.event.GuiScreenEvent$DrawScreenEvent$Post
[10:08:05] [Client thread/INFO]: [OptiFine] (Reflector) Class not present: net.minecraftforge.client.event.EntityViewRenderEvent$CameraSetup
[10:08:05] [Client thread/INFO]: [OptiFine] (Reflector) Class not present: net.minecraftforge.client.event.EntityViewRenderEvent$FogColors
[10:08:05] [Client thread/INFO]: [OptiFine] (Reflector) Class not present: net.minecraftforge.fml.common.eventhandler.Event
[10:08:05] [Client thread/INFO]: [OptiFine] (Reflector) Class not present: net.minecraftforge.fml.common.eventhandler.EventBus
[10:08:05] [Client thread/INFO]: [OptiFine] (Reflector) Class not present: net.minecraftforge.fml.common.eventhandler.Event$Result
[10:08:05] [Client thread/INFO]: [OptiFine] (Reflector) Class not present: net.minecraftforge.common.property.ExtendedBlockState
[10:08:05] [Client thread/INFO]: [OptiFine] (Reflector) Class not present: net.minecraftforge.fml.client.FMLClientHandler
[10:08:05] [Client thread/INFO]: [OptiFine] (Reflector) Class not present: net.minecraftforge.fml.common.FMLCommonHandler
[10:08:05] [Client thread/INFO]: [OptiFine] (Reflector) Method not present: net.minecraft.world.biome.BiomeGenBase.getWaterColorMultiplier
[10:08:05] [Client thread/INFO]: [OptiFine] (Reflector) Method not present: net.minecraft.block.Block.addDestroyEffects
[10:08:05] [Client thread/INFO]: [OptiFine] (Reflector) Method not present: net.minecraft.block.Block.addHitEffects
[10:08:05] [Client thread/INFO]: [OptiFine] (Reflector) Method not present: net.minecraft.block.Block.canCreatureSpawn
[10:08:05] [Client thread/INFO]: [OptiFine] (Reflector) Method not present: net.minecraft.block.Block.canRenderInLayer
[10:08:05] [Client thread/INFO]: [OptiFine] (Reflector) Method not present: net.minecraft.block.Block.doesSideBlockRendering
[10:08:05] [Client thread/INFO]: [OptiFine] (Reflector) Method not present: net.minecraft.block.Block.getBedDirection
[10:08:05] [Client thread/INFO]: [OptiFine] (Reflector) Method not present: net.minecraft.block.Block.getExtendedState
[10:08:05] [Client thread/INFO]: [OptiFine] (Reflector) Method not present: net.minecraft.block.Block.hasTileEntity
[10:08:05] [Client thread/INFO]: [OptiFine] (Reflector) Method not present: net.minecraft.block.Block.isAir
[10:08:05] [Client thread/INFO]: [OptiFine] (Reflector) Method not present: net.minecraft.block.Block.isBed
[10:08:05] [Client thread/INFO]: [OptiFine] (Reflector) Method not present: net.minecraft.block.Block.isBedFoot
[10:08:05] [Client thread/INFO]: [OptiFine] (Reflector) Method not present: net.minecraft.block.Block.isSideSolid
[10:08:05] [Client thread/INFO]: [OptiFine] (Reflector) Method not present: net.minecraft.entity.Entity.canRiderInteract
[10:08:05] [Client thread/INFO]: [OptiFine] (Reflector) Field not present: net.minecraft.entity.Entity.captureDrops
[10:08:05] [Client thread/INFO]: [OptiFine] (Reflector) Field not present: net.minecraft.entity.Entity.capturedDrops
[10:08:05] [Client thread/INFO]: [OptiFine] (Reflector) Method not present: net.minecraft.entity.Entity.shouldRenderInPass
[10:08:05] [Client thread/INFO]: [OptiFine] (Reflector) Method not present: net.minecraft.entity.Entity.shouldRiderSit
[10:08:05] [Client thread/INFO]: [OptiFine] (Reflector) Class not present: net.minecraftforge.event.ForgeEventFactory
[10:08:05] [Client thread/INFO]: [OptiFine] (Reflector) Class not present: net.minecraftforge.common.ForgeHooks
[10:08:05] [Client thread/INFO]: [OptiFine] (Reflector) Class not present: net.minecraftforge.client.ForgeHooksClient
[10:08:05] [Client thread/INFO]: [OptiFine] (Reflector) Method not present: net.minecraft.item.Item.getDurabilityForDisplay
[10:08:05] [Client thread/INFO]: [OptiFine] (Reflector) Method not present: net.minecraft.item.Item.getModel
[10:08:05] [Client thread/INFO]: [OptiFine] (Reflector) Method not present: net.minecraft.item.Item.onEntitySwing
[10:08:05] [Client thread/INFO]: [OptiFine] (Reflector) Method not present: net.minecraft.item.Item.shouldCauseReequipAnimation
[10:08:05] [Client thread/INFO]: [OptiFine] (Reflector) Method not present: net.minecraft.item.Item.showDurabilityBar
[10:08:05] [Client thread/INFO]: [OptiFine] (Reflector) Method not present: net.minecraft.item.ItemRecord.getRecordResource
[10:08:05] [Client thread/INFO]: [OptiFine] (Reflector) Class not present: net.minecraftforge.common.ForgeModContainer
[10:08:05] [Client thread/INFO]: [OptiFine] (Reflector) Method not present: net.minecraft.potion.PotionEffect.isCurativeItem
[10:08:05] [Client thread/INFO]: [OptiFine] (Reflector) Method not present: net.minecraft.tileentity.TileEntity.canRenderBreaking
[10:08:05] [Client thread/INFO]: [OptiFine] (Reflector) Method not present: net.minecraft.tileentity.TileEntity.getRenderBoundingBox
[10:08:05] [Client thread/INFO]: [OptiFine] (Reflector) Method not present: net.minecraft.tileentity.TileEntity.hasFastRenderer
[10:08:05] [Client thread/INFO]: [OptiFine] (Reflector) Method not present: net.minecraft.tileentity.TileEntity.shouldRenderInPass
[10:08:05] [Client thread/INFO]: [OptiFine] (Reflector) Method not present: net.minecraft.client.renderer.tileentity.TileEntityRendererDispatcher.preDrawBatch
[10:08:05] [Client thread/INFO]: [OptiFine] (Reflector) Method not present: net.minecraft.client.renderer.tileentity.TileEntityRendererDispatcher.drawBatch
[10:08:05] [Client thread/INFO]: [OptiFine] (Reflector) Method not present: net.minecraft.client.renderer.vertex.VertexFormatElement$EnumUsage.preDraw
[10:08:05] [Client thread/INFO]: [OptiFine] (Reflector) Method not present: net.minecraft.client.renderer.vertex.VertexFormatElement$EnumUsage.postDraw
[10:08:05] [Client thread/INFO]: [OptiFine] (Reflector) Method not present: net.minecraft.world.World.countEntities
[10:08:05] [Client thread/INFO]: [OptiFine] (Reflector) Method not present: net.minecraft.world.World.getPerWorldStorage
[10:08:05] [Client thread/INFO]: [OptiFine] (Reflector) Method not present: net.minecraft.world.WorldProvider.getCloudRenderer
[10:08:05] [Client thread/INFO]: [OptiFine] (Reflector) Method not present: net.minecraft.world.WorldProvider.getSkyRenderer
[10:08:05] [Client thread/INFO]: [OptiFine] (Reflector) Method not present: net.minecraft.world.WorldProvider.getWeatherRenderer
[10:08:05] [Client thread/INFO]: [OptiFine] (Reflector) Class not present: net.minecraftforge.fml.client.GuiModList
[10:08:05] [Client thread/INFO]: [OptiFine] (Reflector) Class not present: net.minecraftforge.client.model.IColoredBakedQuad
[10:08:05] [Client thread/INFO]: [OptiFine] (Reflector) Class not present: net.minecraftforge.common.property.IExtendedBlockState
[10:08:05] [Client thread/INFO]: [OptiFine] (Reflector) Class not present: net.minecraftforge.client.IRenderHandler
[10:08:05] [Client thread/INFO]: [OptiFine] (Reflector) Class not present: net.minecraftforge.client.model.ISmartBlockModel
[10:08:05] [Client thread/INFO]: [OptiFine] (Reflector) Class not present: net.minecraftforge.client.ItemModelMesherForge
[10:08:05] [Client thread/INFO]: [OptiFine] (Reflector) Class not present: net.minecraft.launchwrapper.Launch
[10:08:05] [Client thread/INFO]: [OptiFine] (Reflector) Class not present: net.minecraftforge.client.model.pipeline.LightUtil
[10:08:05] [Client thread/INFO]: [OptiFine] (Reflector) Class not present: net.minecraftforge.common.MinecraftForge
[10:08:05] [Client thread/INFO]: [OptiFine] (Reflector) Class not present: net.minecraftforge.client.MinecraftForgeClient
[10:08:05] [Client thread/INFO]: [OptiFine] (Reflector) Class not present: net.minecraftforge.client.model.ModelLoader
[10:08:05] [Client thread/INFO]: [OptiFine] (Reflector) Class not present: net.minecraftforge.client.event.RenderBlockOverlayEvent$OverlayType
[10:08:05] [Client thread/INFO]: [OptiFine] (Reflector) Class not present: net.minecraftforge.fml.client.registry.RenderingRegistry
[10:08:05] [Client thread/INFO]: [OptiFine] (Reflector) Class not present: net.minecraftforge.client.event.RenderItemInFrameEvent
[10:08:05] [Client thread/INFO]: [OptiFine] (Reflector) Class not present: net.minecraftforge.client.event.RenderLivingEvent$Pre
[10:08:05] [Client thread/INFO]: [OptiFine] (Reflector) Class not present: net.minecraftforge.client.event.RenderLivingEvent$Post
[10:08:05] [Client thread/INFO]: [OptiFine] (Reflector) Class not present: net.minecraftforge.client.event.RenderLivingEvent$Specials$Pre
[10:08:05] [Client thread/INFO]: [OptiFine] (Reflector) Class not present: net.minecraftforge.client.event.RenderLivingEvent$Specials$Post
[10:08:05] [Client thread/INFO]: [OptiFine] (Reflector) Class not present: net.minecraftforge.fml.client.SplashProgress
[10:08:05] [Client thread/INFO]: [OptiFine] (Reflector) Class not present: net.minecraftforge.event.world.WorldEvent$Load
[10:08:05] [Client thread/INFO]: [OptiFine] *** Reflector Vanilla ***
[10:08:05] [Client thread/INFO]: [OptiFine] (Reflector) Class not present: net.optifine.OptiFineClassTransformer
[10:08:05] [Client thread/INFO]: LWJGL Version: 2.9.4
[10:08:05] [Client thread/INFO]: [OptiFine] 
[10:08:05] [Client thread/INFO]: [OptiFine] OptiFine_1.8.8_HD_U_H8
[10:08:05] [Client thread/INFO]: [OptiFine] Build: null
[10:08:05] [Client thread/INFO]: [OptiFine] OS: Windows 10 (amd64) version 10.0
[10:08:05] [Client thread/INFO]: [OptiFine] Java: 1.8.0_202, Oracle Corporation
[10:08:05] [Client thread/INFO]: [OptiFine] VM: Java HotSpot(TM) 64-Bit Server VM (mixed mode), Oracle Corporation
[10:08:05] [Client thread/INFO]: [OptiFine] LWJGL: 2.9.4
[10:08:05] [Client thread/INFO]: [OptiFine] OpenGL: NVIDIA GeForce GTX 750/PCIe/SSE2, version 4.6.0 NVIDIA 531.79, NVIDIA Corporation
[10:08:05] [Client thread/INFO]: [OptiFine] OpenGL Version: 4.6.0
[10:08:05] [Client thread/INFO]: [OptiFine] Maximum texture size: 16384x16384
[10:08:05] [Thread-6/INFO]: [OptiFine] Checking for new version
[10:08:06] [Client thread/INFO]: [Shaders] ShadersMod version: 2.4.12
[10:08:06] [Client thread/INFO]: [Shaders] OpenGL Version: 4.6.0 NVIDIA 531.79
[10:08:06] [Client thread/INFO]: [Shaders] Vendor:  NVIDIA Corporation
[10:08:06] [Client thread/INFO]: [Shaders] Renderer: NVIDIA GeForce GTX 750/PCIe/SSE2
[10:08:06] [Client thread/INFO]: [Shaders] Capabilities:  2.0  2.1  3.0  3.2  4.0 
[10:08:06] [Client thread/INFO]: [Shaders] GL_MAX_DRAW_BUFFERS: 8
[10:08:06] [Client thread/INFO]: [Shaders] GL_MAX_COLOR_ATTACHMENTS_EXT: 8
[10:08:06] [Client thread/INFO]: [Shaders] GL_MAX_TEXTURE_IMAGE_UNITS: 32
[10:08:06] [Client thread/INFO]: [Shaders] Load ShadersMod configuration.
[10:08:06] [Client thread/INFO]: [Shaders] Save ShadersMod configuration.
[10:08:06] [Client thread/INFO]: [Shaders] No shaderpack loaded.
[10:08:06] [Client thread/INFO]: Reloading ResourceManager: Default
[10:08:06] [Client thread/INFO]: [OptiFine] *** Reloading textures ***
[10:08:06] [Client thread/INFO]: [OptiFine] Resource packs: Default
[10:08:06] [Client thread/WARN]: File minecraft:sounds/daun/chris.ogg does not exist, cannot add it to event minecraft:daun.chris
[10:08:06] [Sound Library Loader/INFO]: Starting up SoundSystem...
[10:08:06] [Thread-6/INFO]: [OptiFine] Version found: I7
[10:08:06] [Thread-7/INFO]: Initializing LWJGL OpenAL
[10:08:06] [Thread-7/INFO]: (The LWJGL binding of OpenAL.  For more information, see http://www.lwjgl.org)
[10:08:06] [Thread-7/INFO]: OpenAL initialized.
[10:08:07] [Sound Library Loader/INFO]: Sound engine started
[10:08:09] [Client thread/INFO]: [OptiFine] Mipmap levels: 4
[10:08:09] [Client thread/INFO]: [OptiFine] Multitexture: false
[10:08:09] [Client thread/INFO]: [OptiFine] ConnectedTextures: mcpatcher/ctm/default/0_glass_white/glass_pane_white.properties
[10:08:09] [Client thread/INFO]: [OptiFine] ConnectedTextures: mcpatcher/ctm/default/0_glass_white/glass_white.properties
[10:08:09] [Client thread/INFO]: [OptiFine] ConnectedTextures: mcpatcher/ctm/default/10_glass_purple/glass_pane_purple.properties
[10:08:09] [Client thread/INFO]: [OptiFine] ConnectedTextures: mcpatcher/ctm/default/10_glass_purple/glass_purple.properties
[10:08:09] [Client thread/INFO]: [OptiFine] ConnectedTextures: mcpatcher/ctm/default/11_glass_blue/glass_blue.properties
[10:08:09] [Client thread/INFO]: [OptiFine] ConnectedTextures: mcpatcher/ctm/default/11_glass_blue/glass_pane_blue.properties
[10:08:09] [Client thread/INFO]: [OptiFine] ConnectedTextures: mcpatcher/ctm/default/12_glass_brown/glass_brown.properties
[10:08:09] [Client thread/INFO]: [OptiFine] ConnectedTextures: mcpatcher/ctm/default/12_glass_brown/glass_pane_brown.properties
[10:08:09] [Client thread/INFO]: [OptiFine] ConnectedTextures: mcpatcher/ctm/default/13_glass_green/glass_green.properties
[10:08:09] [Client thread/INFO]: [OptiFine] ConnectedTextures: mcpatcher/ctm/default/13_glass_green/glass_pane_green.properties
[10:08:09] [Client thread/INFO]: [OptiFine] ConnectedTextures: mcpatcher/ctm/default/14_glass_red/glass_pane_red.properties
[10:08:09] [Client thread/INFO]: [OptiFine] ConnectedTextures: mcpatcher/ctm/default/14_glass_red/glass_red.properties
[10:08:09] [Client thread/INFO]: [OptiFine] ConnectedTextures: mcpatcher/ctm/default/15_glass_black/glass_black.properties
[10:08:09] [Client thread/INFO]: [OptiFine] ConnectedTextures: mcpatcher/ctm/default/15_glass_black/glass_pane_black.properties
[10:08:09] [Client thread/INFO]: [OptiFine] ConnectedTextures: mcpatcher/ctm/default/1_glass_orange/glass_orange.properties
[10:08:09] [Client thread/INFO]: [OptiFine] ConnectedTextures: mcpatcher/ctm/default/1_glass_orange/glass_pane_orange.properties
[10:08:09] [Client thread/INFO]: [OptiFine] ConnectedTextures: mcpatcher/ctm/default/2_glass_magenta/glass_magenta.properties
[10:08:09] [Client thread/INFO]: [OptiFine] ConnectedTextures: mcpatcher/ctm/default/2_glass_magenta/glass_pane_magenta.properties
[10:08:09] [Client thread/INFO]: [OptiFine] ConnectedTextures: mcpatcher/ctm/default/3_glass_light_blue/glass_light_blue.properties
[10:08:09] [Client thread/INFO]: [OptiFine] ConnectedTextures: mcpatcher/ctm/default/3_glass_light_blue/glass_pane_light_blue.properties
[10:08:09] [Client thread/INFO]: [OptiFine] ConnectedTextures: mcpatcher/ctm/default/4_glass_yellow/glass_pane_yellow.properties
[10:08:09] [Client thread/INFO]: [OptiFine] ConnectedTextures: mcpatcher/ctm/default/4_glass_yellow/glass_yellow.properties
[10:08:09] [Client thread/INFO]: [OptiFine] ConnectedTextures: mcpatcher/ctm/default/5_glass_lime/glass_lime.properties
[10:08:09] [Client thread/INFO]: [OptiFine] ConnectedTextures: mcpatcher/ctm/default/5_glass_lime/glass_pane_lime.properties
[10:08:09] [Client thread/INFO]: [OptiFine] ConnectedTextures: mcpatcher/ctm/default/6_glass_pink/glass_pane_pink.properties
[10:08:09] [Client thread/INFO]: [OptiFine] ConnectedTextures: mcpatcher/ctm/default/6_glass_pink/glass_pink.properties
[10:08:09] [Client thread/INFO]: [OptiFine] ConnectedTextures: mcpatcher/ctm/default/7_glass_gray/glass_gray.properties
[10:08:09] [Client thread/INFO]: [OptiFine] ConnectedTextures: mcpatcher/ctm/default/7_glass_gray/glass_pane_gray.properties
[10:08:09] [Client thread/INFO]: [OptiFine] ConnectedTextures: mcpatcher/ctm/default/8_glass_silver/glass_pane_silver.properties
[10:08:09] [Client thread/INFO]: [OptiFine] ConnectedTextures: mcpatcher/ctm/default/8_glass_silver/glass_silver.properties
[10:08:09] [Client thread/INFO]: [OptiFine] ConnectedTextures: mcpatcher/ctm/default/9_glass_cyan/glass_cyan.properties
[10:08:09] [Client thread/INFO]: [OptiFine] ConnectedTextures: mcpatcher/ctm/default/9_glass_cyan/glass_pane_cyan.properties
[10:08:09] [Client thread/INFO]: [OptiFine] ConnectedTextures: mcpatcher/ctm/default/bookshelf.properties
[10:08:09] [Client thread/INFO]: [OptiFine] ConnectedTextures: mcpatcher/ctm/default/glass.properties
[10:08:09] [Client thread/INFO]: [OptiFine] ConnectedTextures: mcpatcher/ctm/default/glasspane.properties
[10:08:09] [Client thread/INFO]: [OptiFine] ConnectedTextures: mcpatcher/ctm/default/sandstone.properties
[10:08:09] [Client thread/INFO]: [OptiFine] Multipass connected textures: false
[10:08:11] [Client thread/INFO]: Created: 1024x512 textures-atlas
[10:08:12] [Client thread/INFO]: [OptiFine] *** Reloading custom textures ***
[10:08:12] [Client thread/INFO]: [OptiFine] Enable face culling: acacia_leaves, birch_leaves, dark_oak_leaves, jungle_leaves, oak_leaves, spruce_leaves
[10:08:14] [Client thread/WARN]: An error occurred while updating property: value: enabled, module: brightness
java.lang.NullPointerException
	at cc.novoline.modules.visual.Brightness.onEnable(Brightness.java:43) ~[novoline-eclipse-ready/:?]
	at cc.novoline.modules.AbstractModule.enable(AbstractModule.java:410) ~[novoline-eclipse-ready/:?]
	at cc.novoline.modules.AbstractModule.setEnabled(AbstractModule.java:401) ~[novoline-eclipse-ready/:?]
	at cc.novoline.modules.configurations.holder.CreatingModuleHolder$EnabledPropertyFieldData.copyValue(CreatingModuleHolder.java:143) ~[novoline-eclipse-ready/:?]
	at cc.novoline.modules.configurations.ConfigManager.load(ConfigManager.java:108) [novoline-eclipse-ready/:?]
	at cc.novoline.Initializer.onProtection(Initializer.java:248) [novoline-eclipse-ready/:?]
	at cc.novoline.gui.screen.login.GuiLogin.drawScreen(GuiLogin.java:172) [novoline-eclipse-ready/:?]
	at net.minecraft.client.renderer.EntityRenderer.func_181560_a(EntityRenderer.java:1246) [novoline-eclipse-ready/:?]
	at net.minecraft.client.Minecraft.runGameLoop(Minecraft.java:1083) [novoline-eclipse-ready/:?]
	at net.minecraft.client.Minecraft.run(Minecraft.java:467) [novoline-eclipse-ready/:?]
	at net.minecraft.client.main.Main.main(Main.java:122) [novoline-eclipse-ready/:?]
	at Start.main(Start.java:13) [novoline-eclipse-ready/:?]
[10:08:14] [Texture Downloader #1/INFO]: Downloading http texture from http://s.optifine.net/capes/Ловушка джокера.png to null
[10:08:14] [Texture Downloader #2/INFO]: Downloading http texture from http://s.optifine.net/capes/fsfdsf.png to null
[10:08:14] [Texture Downloader #3/INFO]: Downloading http texture from http://s.optifine.net/capes/fk_plfasdwa.png to null
[10:08:18] [Client thread/WARN]: Unable to play unknown soundEvent: minecraft:gui.button.press
[10:08:21] [Client thread/WARN]: Unable to play unknown soundEvent: minecraft:music.menu
[10:08:25] [Client thread/WARN]: Unable to play unknown soundEvent: minecraft:gui.button.press
[10:08:27] [Client thread/WARN]: Unable to play unknown soundEvent: minecraft:gui.button.press
[10:08:28] [Client thread/WARN]: Unable to play unknown soundEvent: minecraft:gui.button.press
[10:08:30] [Client thread/WARN]: Unable to play unknown soundEvent: minecraft:gui.button.press
[10:08:30] [Server thread/INFO]: Starting integrated minecraft server version 1.8.8
[10:08:30] [Server thread/INFO]: Generating keypair
[10:08:30] [Server thread/INFO]: Preparing start region for level 0
[10:08:31] [Server thread/INFO]: Preparing spawn area: 62%
[10:08:32] [Server thread/INFO]: Changing view distance to 8, from 10
[10:08:32] [Server thread/INFO]: fk_plfasdwa[local:E:6494eedb] logged in with entity id 368 at (703.8906253634393, 75.0, -531.6012425185575)
[10:08:32] [Server thread/INFO]: fk_plfasdwa joined the game
[10:08:32] [Texture Downloader #4/INFO]: Downloading http texture from https://assets.novoline.wtf/capes/gast.png to null
[10:08:32] [Texture Downloader #5/INFO]: Downloading http texture from https://assets.novoline.wtf/capes/gast.png to null
[10:08:32] [Texture Downloader #6/INFO]: Downloading http texture from https://assets.novoline.wtf/capes/gast.png to null
[10:08:32] [Texture Downloader #7/INFO]: Downloading http texture from https://assets.novoline.wtf/capes/gast.png to null
[10:08:32] [Texture Downloader #8/INFO]: Downloading http texture from https://assets.novoline.wtf/capes/gast.png to null
[10:08:32] [Texture Downloader #9/INFO]: Downloading http texture from https://assets.novoline.wtf/capes/gast.png to null
[10:08:32] [Texture Downloader #10/INFO]: Downloading http texture from https://assets.novoline.wtf/capes/gast.png to null
[10:08:32] [Texture Downloader #11/INFO]: Downloading http texture from https://assets.novoline.wtf/capes/gast.png to null
[10:08:32] [Texture Downloader #12/INFO]: Downloading http texture from https://assets.novoline.wtf/capes/gast.png to null
[10:08:32] [Texture Downloader #13/INFO]: Downloading http texture from https://assets.novoline.wtf/capes/gast.png to null
[10:08:32] [Texture Downloader #14/INFO]: Downloading http texture from https://assets.novoline.wtf/capes/gast.png to null
[10:08:32] [Texture Downloader #15/INFO]: Downloading http texture from https://assets.novoline.wtf/capes/gast.png to null
[10:08:32] [Texture Downloader #16/INFO]: Downloading http texture from https://assets.novoline.wtf/capes/gast.png to null
[10:08:34] [Server thread/WARN]: Can't keep up! Did the system time change, or is the server overloaded? Running 2759ms behind, skipping 55 tick(s)
[10:08:35] [Client thread/WARN]: Unable to play unknown soundEvent: minecraft:mob.bat.takeoff
[10:08:35] [Client thread/WARN]: Unable to play unknown soundEvent: minecraft:dig.stone
[10:08:36] [Client thread/WARN]: Unable to play unknown soundEvent: minecraft:dig.stone
[10:08:36] [Client thread/WARN]: Unable to play unknown soundEvent: minecraft:dig.stone
[10:08:51] [Client thread/WARN]: Unable to play unknown soundEvent: minecraft:music.game.creative
[10:08:56] [Client thread/WARN]: Unable to play unknown soundEvent: minecraft:step.stone
[10:08:57] [Client thread/WARN]: Unable to play unknown soundEvent: minecraft:step.stone
[10:09:01] [Client thread/WARN]: Unable to play unknown soundEvent: minecraft:step.stone
[10:09:01] [Client thread/WARN]: Unable to play unknown soundEvent: minecraft:step.stone
[10:09:01] [Client thread/WARN]: Unable to play unknown soundEvent: minecraft:dig.grass
[10:09:01] [Client thread/WARN]: Unable to play unknown soundEvent: minecraft:step.stone
[10:09:02] [Client thread/WARN]: Unable to play unknown soundEvent: minecraft:step.stone
[10:09:02] [Client thread/WARN]: Unable to play unknown soundEvent: minecraft:step.stone
[10:09:03] [Client thread/WARN]: Unable to play unknown soundEvent: minecraft:step.stone
[10:09:07] [Client thread/WARN]: Unable to play unknown soundEvent: minecraft:step.stone
[10:09:07] [Client thread/WARN]: Unable to play unknown soundEvent: minecraft:dig.gravel
[10:09:07] [Client thread/WARN]: Unable to play unknown soundEvent: minecraft:dig.gravel
[10:09:08] [Client thread/WARN]: Unable to play unknown soundEvent: minecraft:dig.gravel
[10:09:08] [Client thread/WARN]: Unable to play unknown soundEvent: minecraft:dig.gravel
[10:09:08] [Client thread/WARN]: Unable to play unknown soundEvent: minecraft:dig.gravel
[10:09:08] [Client thread/WARN]: Unable to play unknown soundEvent: minecraft:dig.gravel
[10:09:08] [Client thread/WARN]: Unable to play unknown soundEvent: minecraft:step.gravel
[10:09:09] [Client thread/WARN]: Unable to play unknown soundEvent: minecraft:dig.gravel
[10:09:09] [Client thread/WARN]: Unable to play unknown soundEvent: minecraft:step.gravel
[10:09:09] [Client thread/WARN]: Unable to play unknown soundEvent: minecraft:dig.gravel
[10:09:09] [Client thread/WARN]: Unable to play unknown soundEvent: minecraft:dig.gravel
[10:09:09] [Client thread/WARN]: Unable to play unknown soundEvent: minecraft:step.gravel
[10:09:09] [Client thread/WARN]: Unable to play unknown soundEvent: minecraft:dig.gravel
[10:09:09] [Client thread/WARN]: Unable to play unknown soundEvent: minecraft:step.gravel
[10:09:09] [Client thread/WARN]: Unable to play unknown soundEvent: minecraft:dig.gravel
[10:09:09] [Client thread/WARN]: Unable to play unknown soundEvent: minecraft:dig.gravel
[10:09:10] [Client thread/WARN]: Unable to play unknown soundEvent: minecraft:step.gravel
[10:09:10] [Client thread/WARN]: Unable to play unknown soundEvent: minecraft:dig.gravel
[10:09:10] [Client thread/WARN]: Unable to play unknown soundEvent: minecraft:dig.gravel
[10:09:10] [Client thread/WARN]: Unable to play unknown soundEvent: minecraft:step.gravel
[10:09:10] [Client thread/WARN]: Unable to play unknown soundEvent: minecraft:dig.grass
[10:09:10] [Client thread/WARN]: Unable to play unknown soundEvent: minecraft:dig.gravel
[10:09:10] [Client thread/WARN]: Unable to play unknown soundEvent: minecraft:dig.gravel
[10:09:10] [Client thread/WARN]: Unable to play unknown soundEvent: minecraft:step.gravel
[10:09:10] [Client thread/WARN]: Unable to play unknown soundEvent: minecraft:dig.gravel
[10:09:11] [Client thread/WARN]: Unable to play unknown soundEvent: minecraft:step.gravel
[10:09:11] [Client thread/WARN]: Unable to play unknown soundEvent: minecraft:dig.gravel
[10:09:11] [Client thread/WARN]: Unable to play unknown soundEvent: minecraft:dig.gravel
[10:09:11] [Client thread/WARN]: Unable to play unknown soundEvent: minecraft:dig.gravel
[10:09:11] [Client thread/WARN]: Unable to play unknown soundEvent: minecraft:dig.gravel
[10:09:11] [Client thread/WARN]: Unable to play unknown soundEvent: minecraft:dig.gravel
[10:09:11] [Client thread/WARN]: Unable to play unknown soundEvent: minecraft:dig.gravel
[10:09:11] [Client thread/WARN]: Unable to play unknown soundEvent: minecraft:step.gravel
[10:09:11] [Client thread/WARN]: Unable to play unknown soundEvent: minecraft:dig.gravel
[10:09:11] [Client thread/WARN]: Unable to play unknown soundEvent: minecraft:dig.gravel
[10:09:11] [Client thread/WARN]: Unable to play unknown soundEvent: minecraft:step.gravel
[10:09:11] [Client thread/WARN]: Unable to play unknown soundEvent: minecraft:dig.gravel
[10:09:11] [Client thread/WARN]: Unable to play unknown soundEvent: minecraft:dig.gravel
[10:09:12] [Client thread/WARN]: Unable to play unknown soundEvent: minecraft:dig.gravel
[10:09:12] [Client thread/WARN]: Unable to play unknown soundEvent: minecraft:dig.gravel
[10:09:12] [Client thread/WARN]: Unable to play unknown soundEvent: minecraft:step.gravel
[10:09:12] [Client thread/WARN]: Unable to play unknown soundEvent: minecraft:dig.gravel
[10:09:12] [Client thread/WARN]: Unable to play unknown soundEvent: minecraft:dig.gravel
[10:09:12] [Client thread/WARN]: Unable to play unknown soundEvent: minecraft:step.gravel
[10:09:12] [Client thread/WARN]: Unable to play unknown soundEvent: minecraft:dig.gravel
[10:09:12] [Client thread/WARN]: Unable to play unknown soundEvent: minecraft:dig.gravel
[10:09:12] [Client thread/WARN]: Unable to play unknown soundEvent: minecraft:step.gravel
[10:09:12] [Client thread/WARN]: Unable to play unknown soundEvent: minecraft:dig.gravel
[10:09:12] [Client thread/WARN]: Unable to play unknown soundEvent: minecraft:dig.gravel
[10:09:13] [Client thread/WARN]: Unable to play unknown soundEvent: minecraft:step.gravel
[10:09:13] [Client thread/WARN]: Unable to play unknown soundEvent: minecraft:dig.gravel
[10:09:13] [Client thread/WARN]: Unable to play unknown soundEvent: minecraft:dig.gravel
[10:09:13] [Client thread/WARN]: Unable to play unknown soundEvent: minecraft:step.stone
[10:09:14] [Client thread/WARN]: Unable to play unknown soundEvent: minecraft:step.stone
[10:09:14] [Client thread/WARN]: Unable to play unknown soundEvent: minecraft:step.stone
[10:09:16] [Client thread/WARN]: Unable to play unknown soundEvent: minecraft:dig.grass
[10:09:18] [Client thread/WARN]: Unable to play unknown soundEvent: minecraft:mob.bat.takeoff
[10:09:20] [Server thread/INFO]: fk_plfasdwa has just earned the achievement [Taking Inventory]
[10:09:20] [Client thread/INFO]: [CHAT] fk_plfasdwa has just earned the achievement [Taking Inventory]
[10:09:26] [Client thread/INFO]: [CHAT] /gamemode, /give, /gamerule
[10:09:28] [Server thread/INFO]: [fk_plfasdwa: Set own game mode to Survival Mode]
[10:09:28] [Client thread/INFO]: [CHAT] Your game mode has been updated
[10:09:29] [Client thread/WARN]: Unable to play unknown soundEvent: minecraft:step.stone
[10:09:30] [Client thread/WARN]: Unable to play unknown soundEvent: minecraft:step.stone
[10:09:30] [Client thread/WARN]: Unable to play unknown soundEvent: minecraft:step.stone
[10:09:30] [Client thread/WARN]: Unable to play unknown soundEvent: minecraft:step.stone
[10:09:30] [Client thread/WARN]: Unable to play unknown soundEvent: minecraft:step.stone
[10:09:30] [Client thread/WARN]: Unable to play unknown soundEvent: minecraft:step.stone
[10:09:31] [Client thread/WARN]: Unable to play unknown soundEvent: minecraft:step.stone
[10:09:31] [Client thread/WARN]: Unable to play unknown soundEvent: minecraft:random.pop
[10:09:31] [Client thread/WARN]: Unable to play unknown soundEvent: minecraft:step.stone
[10:09:31] [Client thread/WARN]: Unable to play unknown soundEvent: minecraft:step.stone
[10:09:31] [Client thread/WARN]: Unable to play unknown soundEvent: minecraft:step.stone
[10:09:31] [Client thread/WARN]: Unable to play unknown soundEvent: minecraft:step.stone
[10:09:32] [Client thread/WARN]: Unable to play unknown soundEvent: minecraft:random.pop
[10:09:32] [Client thread/WARN]: Unable to play unknown soundEvent: minecraft:step.stone
[10:09:32] [Client thread/WARN]: Unable to play unknown soundEvent: minecraft:step.stone
[10:09:32] [Client thread/WARN]: Unable to play unknown soundEvent: minecraft:step.stone
[10:09:32] [Client thread/WARN]: Unable to play unknown soundEvent: minecraft:step.stone
[10:09:33] [Client thread/WARN]: Unable to play unknown soundEvent: minecraft:step.stone
[10:09:33] [Client thread/WARN]: Unable to play unknown soundEvent: minecraft:step.stone
[10:09:33] [Client thread/WARN]: Unable to play unknown soundEvent: minecraft:dig.grass
[10:09:33] [Client thread/WARN]: Unable to play unknown soundEvent: minecraft:step.stone
[10:09:33] [Client thread/WARN]: Unable to play unknown soundEvent: minecraft:random.pop
[10:09:33] [Client thread/WARN]: Unable to play unknown soundEvent: minecraft:step.stone
[10:09:33] [Client thread/WARN]: Unable to play unknown soundEvent: minecraft:step.stone
[10:09:34] [Client thread/WARN]: Unable to play unknown soundEvent: minecraft:step.stone
[10:09:34] [Client thread/WARN]: Unable to play unknown soundEvent: minecraft:random.pop
[10:09:34] [Client thread/WARN]: Unable to play unknown soundEvent: minecraft:step.stone
[10:09:34] [Client thread/WARN]: Unable to play unknown soundEvent: minecraft:step.stone
[10:09:34] [Client thread/WARN]: Unable to play unknown soundEvent: minecraft:step.stone
[10:09:35] [Client thread/WARN]: Unable to play unknown soundEvent: minecraft:step.stone
[10:09:35] [Client thread/WARN]: Unable to play unknown soundEvent: minecraft:step.stone
[10:09:35] [Client thread/WARN]: Unable to play unknown soundEvent: minecraft:random.pop
[10:09:35] [Client thread/WARN]: Unable to play unknown soundEvent: minecraft:step.stone
[10:09:36] [Client thread/WARN]: Unable to play unknown soundEvent: minecraft:mob.bat.takeoff
[10:09:36] [Client thread/WARN]: Unable to play unknown soundEvent: minecraft:mob.bat.takeoff
[10:09:37] [Client thread/WARN]: Unable to play unknown soundEvent: minecraft:step.grass
[10:09:37] [Client thread/WARN]: Unable to play unknown soundEvent: minecraft:game.player.hurt.fall.small
[10:09:37] [Client thread/WARN]: Unable to play unknown soundEvent: minecraft:step.grass
[10:09:37] [Client thread/WARN]: Unable to play unknown soundEvent: minecraft:step.grass
[10:09:37] [Client thread/WARN]: Unable to play unknown soundEvent: minecraft:game.player.hurt
[10:09:37] [Client thread/WARN]: Unable to play unknown soundEvent: minecraft:step.grass
[10:09:38] [Client thread/WARN]: Unable to play unknown soundEvent: minecraft:step.grass
[10:09:38] [Client thread/WARN]: Unable to play unknown soundEvent: minecraft:step.grass
[10:09:39] [Client thread/WARN]: Unable to play unknown soundEvent: minecraft:step.grass
[10:09:39] [Client thread/WARN]: Unable to play unknown soundEvent: minecraft:step.grass
[10:09:39] [Client thread/WARN]: Unable to play unknown soundEvent: minecraft:dig.grass
[10:09:40] [Client thread/WARN]: Unable to play unknown soundEvent: minecraft:step.grass
[10:09:40] [Client thread/WARN]: Unable to play unknown soundEvent: minecraft:step.grass
[10:09:40] [Client thread/WARN]: Unable to play unknown soundEvent: minecraft:step.grass
[10:09:40] [Client thread/WARN]: Unable to play unknown soundEvent: minecraft:step.grass
[10:09:41] [Client thread/WARN]: Unable to play unknown soundEvent: minecraft:step.grass
[10:09:41] [Client thread/WARN]: Unable to play unknown soundEvent: minecraft:step.grass
[10:09:41] [Client thread/WARN]: Unable to play unknown soundEvent: minecraft:step.grass
[10:09:41] [Client thread/WARN]: Unable to play unknown soundEvent: minecraft:step.grass
[10:09:41] [Client thread/WARN]: Unable to play unknown soundEvent: minecraft:step.grass
[10:09:42] [Client thread/WARN]: Unable to play unknown soundEvent: minecraft:mob.skeleton.step
[10:09:42] [Client thread/WARN]: Unable to play unknown soundEvent: minecraft:step.grass
[10:09:42] [Client thread/WARN]: Unable to play unknown soundEvent: minecraft:mob.skeleton.step
[10:09:43] [Client thread/WARN]: Unable to play unknown soundEvent: minecraft:step.grass
[10:09:43] [Client thread/WARN]: Unable to play unknown soundEvent: minecraft:mob.spider.say
[10:09:43] [Client thread/WARN]: Unable to play unknown soundEvent: minecraft:random.bow
[10:09:43] [Client thread/WARN]: Unable to play unknown soundEvent: minecraft:step.grass
[10:09:43] [Client thread/WARN]: Unable to play unknown soundEvent: minecraft:creeper.primed
[10:09:43] [Client thread/WARN]: Unable to play unknown soundEvent: minecraft:game.player.hurt
[10:09:43] [Client thread/WARN]: Unable to play unknown soundEvent: minecraft:random.bowhit
[10:09:44] [Client thread/WARN]: Unable to play unknown soundEvent: minecraft:step.grass
[10:09:45] [Client thread/WARN]: Unable to play unknown soundEvent: minecraft:game.player.hurt
[10:09:45] [Client thread/WARN]: Unable to play unknown soundEvent: minecraft:random.explode
[10:09:46] [Client thread/WARN]: Unable to play unknown soundEvent: minecraft:step.grass
[10:09:46] [Client thread/WARN]: Unable to play unknown soundEvent: minecraft:random.bow
[10:09:46] [Client thread/WARN]: Unable to play unknown soundEvent: minecraft:game.player.hurt
[10:09:46] [Client thread/WARN]: Unable to play unknown soundEvent: minecraft:random.bowhit
[10:09:46] [Client thread/WARN]: Unable to play unknown soundEvent: minecraft:mob.skeleton.say
[10:09:47] [Client thread/WARN]: Unable to play unknown soundEvent: minecraft:step.grass
[10:09:47] [Client thread/WARN]: Unable to play unknown soundEvent: minecraft:mob.spider.step
[10:09:48] [Client thread/WARN]: Unable to play unknown soundEvent: minecraft:mob.spider.step
[10:09:48] [Client thread/WARN]: Unable to play unknown soundEvent: minecraft:mob.spider.say
[10:09:49] [Client thread/WARN]: Unable to play unknown soundEvent: minecraft:random.bow
[10:09:49] [Client thread/WARN]: Unable to play unknown soundEvent: minecraft:mob.spider.step
[10:09:49] [Client thread/WARN]: Unable to play unknown soundEvent: minecraft:mob.spider.step
[10:09:49] [Client thread/WARN]: Unable to play unknown soundEvent: minecraft:random.bowhit
[10:09:49] [Client thread/WARN]: Unable to play unknown soundEvent: minecraft:mob.spider.step
[10:09:50] [Client thread/WARN]: Unable to play unknown soundEvent: minecraft:mob.spider.step
[10:09:50] [Client thread/WARN]: Unable to play unknown soundEvent: minecraft:step.grass
[10:09:51] [Client thread/WARN]: Unable to play unknown soundEvent: minecraft:step.grass
[10:09:51] [Client thread/WARN]: Unable to play unknown soundEvent: minecraft:mob.spider.say
[10:09:51] [Client thread/WARN]: Unable to play unknown soundEvent: minecraft:mob.skeleton.say
[10:09:51] [Client thread/WARN]: Unable to play unknown soundEvent: minecraft:game.hostile.hurt.fall.small
[10:09:51] [Client thread/WARN]: Unable to play unknown soundEvent: minecraft:mob.spider.say
[10:09:52] [Client thread/WARN]: Unable to play unknown soundEvent: minecraft:random.bow
[10:09:52] [Client thread/WARN]: Unable to play unknown soundEvent: minecraft:mob.spider.step
[10:09:52] [Client thread/WARN]: Unable to play unknown soundEvent: minecraft:mob.spider.step
[10:09:52] [Client thread/WARN]: Unable to play unknown soundEvent: minecraft:random.bowhit
[10:09:52] [Client thread/WARN]: Unable to play unknown soundEvent: minecraft:mob.spider.step
[10:09:53] [Client thread/WARN]: Unable to play unknown soundEvent: minecraft:step.grass
[10:09:53] [Client thread/WARN]: Unable to play unknown soundEvent: minecraft:mob.spider.step
[10:09:53] [Client thread/WARN]: Unable to play unknown soundEvent: minecraft:step.grass
[10:09:53] [Client thread/WARN]: Unable to play unknown soundEvent: minecraft:mob.spider.say
[10:09:54] [Client thread/WARN]: Unable to play unknown soundEvent: minecraft:step.grass
[10:09:54] [Client thread/WARN]: Unable to play unknown soundEvent: minecraft:step.grass
[10:09:54] [Client thread/WARN]: Unable to play unknown soundEvent: minecraft:mob.spider.say
[10:09:54] [Client thread/WARN]: Unable to play unknown soundEvent: minecraft:step.grass
[10:09:55] [Client thread/WARN]: Unable to play unknown soundEvent: minecraft:mob.spider.say
[10:09:55] [Client thread/WARN]: Unable to play unknown soundEvent: minecraft:mob.skeleton.step
[10:09:55] [Client thread/WARN]: Unable to play unknown soundEvent: minecraft:step.grass
[10:09:55] [Client thread/WARN]: Unable to play unknown soundEvent: minecraft:mob.spider.step
[10:09:55] [Client thread/WARN]: Unable to play unknown soundEvent: minecraft:step.grass
[10:09:55] [Client thread/WARN]: Unable to play unknown soundEvent: minecraft:mob.spider.step
[10:09:56] [Client thread/WARN]: Unable to play unknown soundEvent: minecraft:mob.spider.say
[10:09:56] [Client thread/WARN]: Unable to play unknown soundEvent: minecraft:mob.skeleton.step
[10:09:56] [Client thread/WARN]: Unable to play unknown soundEvent: minecraft:step.grass
[10:09:56] [Client thread/WARN]: Unable to play unknown soundEvent: minecraft:mob.skeleton.say
[10:09:56] [Client thread/WARN]: Unable to play unknown soundEvent: minecraft:random.bow
[10:09:56] [Client thread/WARN]: Unable to play unknown soundEvent: minecraft:game.player.hurt
[10:09:56] [Client thread/WARN]: Unable to play unknown soundEvent: minecraft:random.bowhit
[10:09:57] [Client thread/WARN]: Unable to play unknown soundEvent: minecraft:game.hostile.hurt.fall.small
[10:09:57] [Client thread/WARN]: Unable to play unknown soundEvent: minecraft:mob.spider.say
[10:09:57] [Client thread/WARN]: Unable to play unknown soundEvent: minecraft:step.grass
[10:09:57] [Client thread/WARN]: Unable to play unknown soundEvent: minecraft:mob.spider.step
[10:09:57] [Client thread/WARN]: Unable to play unknown soundEvent: minecraft:mob.spider.step
[10:09:57] [Client thread/WARN]: Unable to play unknown soundEvent: minecraft:step.grass
[10:09:57] [Client thread/WARN]: Unable to play unknown soundEvent: minecraft:step.grass
[10:09:58] [Client thread/WARN]: Unable to play unknown soundEvent: minecraft:step.grass
[10:09:58] [Client thread/WARN]: Unable to play unknown soundEvent: minecraft:mob.skeleton.hurt
[10:09:58] [Client thread/WARN]: Unable to play unknown soundEvent: minecraft:step.grass
[10:09:58] [Client thread/WARN]: Unable to play unknown soundEvent: minecraft:step.grass
[10:09:58] [Client thread/WARN]: Unable to play unknown soundEvent: minecraft:mob.skeleton.step
[10:09:58] [Client thread/WARN]: Unable to play unknown soundEvent: minecraft:mob.spider.death
[10:09:58] [Client thread/WARN]: Unable to play unknown soundEvent: minecraft:mob.skeleton.step
[10:09:59] [Client thread/WARN]: Unable to play unknown soundEvent: minecraft:step.grass
[10:09:59] [Client thread/WARN]: Unable to play unknown soundEvent: minecraft:mob.skeleton.hurt
[10:09:59] [Client thread/WARN]: Unable to play unknown soundEvent: minecraft:mob.spider.step
[10:09:59] [Client thread/WARN]: Unable to play unknown soundEvent: minecraft:step.grass
[10:09:59] [Client thread/WARN]: Unable to play unknown soundEvent: minecraft:mob.spider.step
[10:09:59] [Client thread/WARN]: Unable to play unknown soundEvent: minecraft:step.grass
[10:09:59] [Client thread/WARN]: Unable to play unknown soundEvent: minecraft:mob.skeleton.step
[10:09:59] [Client thread/WARN]: Unable to play unknown soundEvent: minecraft:mob.skeleton.hurt
[10:10:00] [Client thread/WARN]: Unable to play unknown soundEvent: minecraft:step.grass
[10:10:00] [Client thread/WARN]: Unable to play unknown soundEvent: minecraft:mob.skeleton.hurt
[10:10:00] [Client thread/WARN]: Unable to play unknown soundEvent: minecraft:random.orb
[10:10:00] [Client thread/WARN]: Unable to play unknown soundEvent: minecraft:random.bow
[10:10:00] [Client thread/WARN]: Unable to play unknown soundEvent: minecraft:game.player.hurt
[10:10:00] [Client thread/WARN]: Unable to play unknown soundEvent: minecraft:random.bowhit
[10:10:00] [Client thread/WARN]: Unable to play unknown soundEvent: minecraft:mob.skeleton.step
[10:10:00] [Client thread/WARN]: Unable to play unknown soundEvent: minecraft:random.orb
[10:10:01] [Client thread/WARN]: Unable to play unknown soundEvent: minecraft:step.grass
[10:10:01] [Client thread/WARN]: Unable to play unknown soundEvent: minecraft:mob.skeleton.say
[10:10:01] [Client thread/WARN]: Unable to play unknown soundEvent: minecraft:step.grass
[10:10:01] [Client thread/WARN]: Unable to play unknown soundEvent: minecraft:random.bow
[10:10:02] [Client thread/WARN]: Unable to play unknown soundEvent: minecraft:game.player.hurt
[10:10:02] [Client thread/WARN]: Unable to play unknown soundEvent: minecraft:random.bowhit
[10:10:02] [Client thread/WARN]: Unable to play unknown soundEvent: minecraft:step.grass
[10:10:03] [Client thread/WARN]: Unable to play unknown soundEvent: minecraft:step.grass
[10:10:03] [Client thread/WARN]: Unable to play unknown soundEvent: minecraft:step.grass
[10:10:03] [Client thread/WARN]: Unable to play unknown soundEvent: minecraft:step.grass
[10:10:03] [Client thread/WARN]: Unable to play unknown soundEvent: minecraft:random.bow
[10:10:04] [Client thread/WARN]: Unable to play unknown soundEvent: minecraft:step.grass
[10:10:04] [Client thread/WARN]: Unable to play unknown soundEvent: minecraft:random.bowhit
[10:10:04] [Client thread/WARN]: Unable to play unknown soundEvent: minecraft:step.grass
[10:10:04] [Client thread/WARN]: Unable to play unknown soundEvent: minecraft:step.grass
[10:10:04] [Client thread/WARN]: Unable to play unknown soundEvent: minecraft:mob.skeleton.hurt
[10:10:04] [Client thread/WARN]: Unable to play unknown soundEvent: minecraft:step.grass
[10:10:05] [Client thread/WARN]: Unable to play unknown soundEvent: minecraft:step.grass
[10:10:05] [Client thread/WARN]: Unable to play unknown soundEvent: minecraft:step.grass
[10:10:05] [Client thread/WARN]: Unable to play unknown soundEvent: minecraft:mob.skeleton.hurt
[10:10:05] [Client thread/WARN]: Unable to play unknown soundEvent: minecraft:random.bow
[10:10:05] [Client thread/WARN]: Unable to play unknown soundEvent: minecraft:game.player.hurt
[10:10:05] [Client thread/WARN]: Unable to play unknown soundEvent: minecraft:random.bowhit
[10:10:05] [Client thread/WARN]: Unable to play unknown soundEvent: minecraft:mob.skeleton.step
[10:10:06] [Client thread/WARN]: Unable to play unknown soundEvent: minecraft:step.grass
[10:10:06] [Client thread/WARN]: Unable to play unknown soundEvent: minecraft:mob.skeleton.hurt
[10:10:06] [Client thread/WARN]: Unable to play unknown soundEvent: minecraft:step.grass
[10:10:06] [Client thread/WARN]: Unable to play unknown soundEvent: minecraft:mob.skeleton.step
[10:10:07] [Client thread/WARN]: Unable to play unknown soundEvent: minecraft:random.bow
[10:10:07] [Client thread/WARN]: Unable to play unknown soundEvent: minecraft:game.player.hurt
[10:10:07] [Client thread/WARN]: Unable to play unknown soundEvent: minecraft:random.bowhit
[10:10:07] [Client thread/WARN]: Unable to play unknown soundEvent: minecraft:random.orb
[10:10:07] [Client thread/WARN]: Unable to play unknown soundEvent: minecraft:step.grass
[10:10:07] [Client thread/WARN]: Unable to play unknown soundEvent: minecraft:mob.skeleton.hurt
[10:10:07] [Client thread/WARN]: Unable to play unknown soundEvent: minecraft:step.grass
[10:10:08] [Client thread/WARN]: Unable to play unknown soundEvent: minecraft:mob.skeleton.step
[10:10:08] [Client thread/WARN]: Unable to play unknown soundEvent: minecraft:step.grass
[10:10:08] [Client thread/WARN]: Unable to play unknown soundEvent: minecraft:mob.skeleton.say
[10:10:08] [Client thread/WARN]: Unable to play unknown soundEvent: minecraft:step.grass
[10:10:08] [Client thread/WARN]: Unable to play unknown soundEvent: minecraft:random.bow
[10:10:08] [Client thread/WARN]: Unable to play unknown soundEvent: minecraft:game.player.hurt
[10:10:08] [Client thread/WARN]: Unable to play unknown soundEvent: minecraft:random.bowhit
[10:10:09] [Client thread/WARN]: Unable to play unknown soundEvent: minecraft:mob.skeleton.hurt
[10:10:09] [Client thread/WARN]: Unable to play unknown soundEvent: minecraft:step.grass
[10:10:09] [Client thread/WARN]: Unable to play unknown soundEvent: minecraft:mob.skeleton.step
[10:10:09] [Client thread/WARN]: Unable to play unknown soundEvent: minecraft:mob.skeleton.hurt
[10:10:10] [Client thread/WARN]: Unable to play unknown soundEvent: minecraft:step.stone
[10:10:10] [Client thread/WARN]: Unable to play unknown soundEvent: minecraft:mob.skeleton.step
[10:10:10] [Client thread/WARN]: Unable to play unknown soundEvent: minecraft:step.stone
[10:10:10] [Client thread/WARN]: Unable to play unknown soundEvent: minecraft:step.stone
[10:10:10] [Client thread/WARN]: Unable to play unknown soundEvent: minecraft:random.bow
[10:10:10] [Server thread/INFO]: fk_plfasdwa was shot by Skeleton
[10:10:10] [Client thread/WARN]: Unable to play unknown soundEvent: minecraft:game.player.hurt
[10:10:10] [Client thread/INFO]: [CHAT] fk_plfasdwa was shot by Skeleton
[10:10:10] [Client thread/WARN]: Unable to play unknown soundEvent: minecraft:random.bowhit
[10:10:13] [Client thread/WARN]: Unable to play unknown soundEvent: minecraft:gui.button.press
[10:10:13] [Texture Downloader #17/INFO]: Downloading http texture from https://assets.novoline.wtf/capes/gast.png to null
[10:10:13] [Texture Downloader #18/INFO]: Downloading http texture from https://assets.novoline.wtf/capes/gast.png to null
[10:10:13] [Texture Downloader #19/INFO]: Downloading http texture from https://assets.novoline.wtf/capes/gast.png to null
[10:10:13] [Texture Downloader #20/INFO]: Downloading http texture from https://assets.novoline.wtf/capes/gast.png to null
[10:10:13] [Texture Downloader #21/INFO]: Downloading http texture from https://assets.novoline.wtf/capes/gast.png to null
[10:10:13] [Texture Downloader #22/INFO]: Downloading http texture from https://assets.novoline.wtf/capes/gast.png to null
[10:10:13] [Texture Downloader #23/INFO]: Downloading http texture from https://assets.novoline.wtf/capes/gast.png to null
[10:10:13] [Texture Downloader #24/INFO]: Downloading http texture from https://assets.novoline.wtf/capes/gast.png to null
[10:10:13] [Texture Downloader #25/INFO]: Downloading http texture from https://assets.novoline.wtf/capes/gast.png to null
[10:10:13] [Texture Downloader #26/INFO]: Downloading http texture from https://assets.novoline.wtf/capes/gast.png to null
[10:10:19] [Client thread/WARN]: Unable to play unknown soundEvent: minecraft:step.grass
[10:10:19] [Client thread/WARN]: Unable to play unknown soundEvent: minecraft:step.grass
[10:10:19] [Client thread/WARN]: Unable to play unknown soundEvent: minecraft:step.grass
[10:10:20] [Client thread/WARN]: Unable to play unknown soundEvent: minecraft:step.grass
[10:10:20] [Client thread/WARN]: Unable to play unknown soundEvent: minecraft:step.grass
[10:10:20] [Client thread/WARN]: Unable to play unknown soundEvent: minecraft:step.grass
[10:10:20] [Client thread/WARN]: Unable to play unknown soundEvent: minecraft:step.grass
[10:10:20] [Client thread/WARN]: Unable to play unknown soundEvent: minecraft:step.grass
[10:10:21] [Client thread/WARN]: Unable to play unknown soundEvent: minecraft:step.grass
[10:10:21] [Client thread/WARN]: Unable to play unknown soundEvent: minecraft:step.grass
[10:10:21] [Client thread/WARN]: Unable to play unknown soundEvent: minecraft:step.grass
[10:10:21] [Client thread/WARN]: Unable to play unknown soundEvent: minecraft:step.grass
[10:10:22] [Client thread/WARN]: Unable to play unknown soundEvent: minecraft:step.grass
[10:10:22] [Client thread/WARN]: Unable to play unknown soundEvent: minecraft:step.grass
[10:10:22] [Client thread/WARN]: Unable to play unknown soundEvent: minecraft:step.grass
[10:10:22] [Client thread/WARN]: Unable to play unknown soundEvent: minecraft:step.grass
[10:10:23] [Client thread/WARN]: Unable to play unknown soundEvent: minecraft:step.grass
[10:10:23] [Client thread/WARN]: Unable to play unknown soundEvent: minecraft:step.grass
[10:10:23] [Client thread/WARN]: Unable to play unknown soundEvent: minecraft:step.grass
[10:10:23] [Client thread/WARN]: Unable to play unknown soundEvent: minecraft:mob.zombie.step
[10:10:23] [Client thread/WARN]: Unable to play unknown soundEvent: minecraft:step.grass
[10:10:23] [Client thread/WARN]: Unable to play unknown soundEvent: minecraft:mob.zombie.hurt
[10:10:23] [Client thread/WARN]: Unable to play unknown soundEvent: minecraft:mob.zombie.step
[10:10:24] [Client thread/WARN]: Unable to play unknown soundEvent: minecraft:step.grass
[10:10:24] [Client thread/WARN]: Unable to play unknown soundEvent: minecraft:step.grass
[10:10:24] [Client thread/WARN]: Unable to play unknown soundEvent: minecraft:mob.zombie.step
[10:10:24] [Client thread/WARN]: Unable to play unknown soundEvent: minecraft:mob.zombie.step
[10:10:24] [Client thread/WARN]: Unable to play unknown soundEvent: minecraft:step.grass
[10:10:24] [Client thread/WARN]: Unable to play unknown soundEvent: minecraft:step.grass
[10:10:24] [Client thread/WARN]: Unable to play unknown soundEvent: minecraft:step.grass
[10:10:24] [Client thread/WARN]: Unable to play unknown soundEvent: minecraft:mob.zombie.step
[10:10:24] [Client thread/WARN]: Unable to play unknown soundEvent: minecraft:step.grass
[10:10:25] [Client thread/WARN]: Unable to play unknown soundEvent: minecraft:step.grass
[10:10:25] [Client thread/WARN]: Unable to play unknown soundEvent: minecraft:mob.zombie.hurt
[10:10:25] [Client thread/WARN]: Unable to play unknown soundEvent: minecraft:step.grass
[10:10:25] [Client thread/WARN]: Unable to play unknown soundEvent: minecraft:step.grass
[10:10:25] [Client thread/WARN]: Unable to play unknown soundEvent: minecraft:mob.zombie.step
[10:10:25] [Client thread/WARN]: Unable to play unknown soundEvent: minecraft:mob.zombie.hurt
[10:10:25] [Client thread/WARN]: Unable to play unknown soundEvent: minecraft:step.grass
[10:10:25] [Client thread/WARN]: Unable to play unknown soundEvent: minecraft:step.grass
[10:10:25] [Client thread/WARN]: Unable to play unknown soundEvent: minecraft:mob.zombie.say
[10:10:26] [Client thread/WARN]: Unable to play unknown soundEvent: minecraft:mob.zombie.step
[10:10:26] [Client thread/WARN]: Unable to play unknown soundEvent: minecraft:mob.zombie.step
[10:10:26] [Client thread/WARN]: Unable to play unknown soundEvent: minecraft:step.grass
[10:10:26] [Client thread/WARN]: Unable to play unknown soundEvent: minecraft:mob.zombie.step
[10:10:26] [Client thread/WARN]: Unable to play unknown soundEvent: minecraft:step.grass
[10:10:26] [Client thread/WARN]: Unable to play unknown soundEvent: minecraft:mob.zombie.hurt
[10:10:27] [Client thread/WARN]: Unable to play unknown soundEvent: minecraft:mob.zombie.step
[10:10:27] [Client thread/WARN]: Unable to play unknown soundEvent: minecraft:step.grass
[10:10:27] [Client thread/WARN]: Unable to play unknown soundEvent: minecraft:mob.zombie.step
[10:10:27] [Client thread/WARN]: Unable to play unknown soundEvent: minecraft:step.grass
[10:10:27] [Client thread/WARN]: Unable to play unknown soundEvent: minecraft:mob.zombie.step
[10:10:27] [Client thread/WARN]: Unable to play unknown soundEvent: minecraft:step.grass
[10:10:27] [Client thread/WARN]: Unable to play unknown soundEvent: minecraft:mob.zombie.step
[10:10:28] [Client thread/WARN]: Unable to play unknown soundEvent: minecraft:mob.zombie.say
[10:10:28] [Client thread/WARN]: Unable to play unknown soundEvent: minecraft:step.grass
[10:10:28] [Client thread/WARN]: Unable to play unknown soundEvent: minecraft:step.grass
[10:10:28] [Client thread/WARN]: Unable to play unknown soundEvent: minecraft:mob.zombie.step
[10:10:28] [Client thread/WARN]: Unable to play unknown soundEvent: minecraft:step.grass
[10:10:29] [Client thread/WARN]: Unable to play unknown soundEvent: minecraft:mob.creeper.say
[10:10:29] [Client thread/WARN]: Unable to play unknown soundEvent: minecraft:mob.zombie.step
[10:10:29] [Client thread/WARN]: Unable to play unknown soundEvent: minecraft:mob.zombie.step
[10:10:29] [Client thread/WARN]: Unable to play unknown soundEvent: minecraft:mob.zombie.step
[10:10:29] [Client thread/WARN]: Unable to play unknown soundEvent: minecraft:step.grass
[10:10:29] [Client thread/WARN]: Unable to play unknown soundEvent: minecraft:mob.creeper.say
[10:10:29] [Client thread/WARN]: Unable to play unknown soundEvent: minecraft:mob.zombie.step
[10:10:29] [Client thread/WARN]: Unable to play unknown soundEvent: minecraft:mob.zombie.step
[10:10:29] [Client thread/WARN]: Unable to play unknown soundEvent: minecraft:step.grass
[10:10:29] [Client thread/WARN]: Unable to play unknown soundEvent: minecraft:step.grass
[10:10:29] [Client thread/WARN]: Unable to play unknown soundEvent: minecraft:step.grass
[10:10:30] [Client thread/WARN]: Unable to play unknown soundEvent: minecraft:mob.zombie.hurt
[10:10:30] [Client thread/WARN]: Unable to play unknown soundEvent: minecraft:mob.zombie.step
[10:10:30] [Client thread/WARN]: Unable to play unknown soundEvent: minecraft:step.grass
[10:10:30] [Client thread/WARN]: Unable to play unknown soundEvent: minecraft:mob.creeper.say
[10:10:30] [Client thread/WARN]: Unable to play unknown soundEvent: minecraft:mob.zombie.step
[10:10:30] [Client thread/WARN]: Unable to play unknown soundEvent: minecraft:mob.zombie.step
[10:10:30] [Client thread/WARN]: Unable to play unknown soundEvent: minecraft:step.grass
[10:10:31] [Client thread/WARN]: Unable to play unknown soundEvent: minecraft:mob.zombie.step
[10:10:31] [Client thread/WARN]: Unable to play unknown soundEvent: minecraft:mob.creeper.say
[10:10:31] [Client thread/WARN]: Unable to play unknown soundEvent: minecraft:mob.zombie.step
[10:10:31] [Client thread/WARN]: Unable to play unknown soundEvent: minecraft:creeper.primed
[10:10:31] [Client thread/WARN]: Unable to play unknown soundEvent: minecraft:step.grass
[10:10:31] [Client thread/WARN]: Unable to play unknown soundEvent: minecraft:mob.zombie.hurt
[10:10:31] [Client thread/WARN]: Unable to play unknown soundEvent: minecraft:mob.zombie.step
[10:10:31] [Client thread/WARN]: Unable to play unknown soundEvent: minecraft:step.grass
[10:10:31] [Client thread/WARN]: Unable to play unknown soundEvent: minecraft:step.grass
[10:10:31] [Client thread/WARN]: Unable to play unknown soundEvent: minecraft:mob.creeper.say
[10:10:31] [Client thread/WARN]: Unable to play unknown soundEvent: minecraft:mob.zombie.step
[10:10:32] [Client thread/WARN]: Unable to play unknown soundEvent: minecraft:mob.zombie.step
[10:10:32] [Client thread/WARN]: Unable to play unknown soundEvent: minecraft:step.grass
[10:10:32] [Client thread/WARN]: Unable to play unknown soundEvent: minecraft:mob.zombie.hurt
[10:10:32] [Client thread/WARN]: Unable to play unknown soundEvent: minecraft:mob.zombie.step
[10:10:32] [Client thread/WARN]: Unable to play unknown soundEvent: minecraft:step.grass
[10:10:32] [Client thread/WARN]: Unable to play unknown soundEvent: minecraft:step.grass
[10:10:32] [Client thread/WARN]: Unable to play unknown soundEvent: minecraft:mob.zombie.say
[10:10:32] [Client thread/WARN]: Unable to play unknown soundEvent: minecraft:mob.zombie.hurt
[10:10:32] [Client thread/WARN]: Unable to play unknown soundEvent: minecraft:step.grass
[10:10:32] [Client thread/WARN]: Unable to play unknown soundEvent: minecraft:step.grass
[10:10:32] [Client thread/WARN]: Unable to play unknown soundEvent: minecraft:step.grass
[10:10:32] [Server thread/INFO]: fk_plfasdwa was blown up by Creeper
[10:10:32] [Client thread/WARN]: Unable to play unknown soundEvent: minecraft:mob.zombie.step
[10:10:32] [Client thread/WARN]: Unable to play unknown soundEvent: minecraft:game.player.hurt
[10:10:32] [Client thread/INFO]: [CHAT] fk_plfasdwa was blown up by Creeper
[10:10:32] [Client thread/WARN]: Unable to play unknown soundEvent: minecraft:mob.zombie.hurt
[10:10:32] [Client thread/WARN]: Unable to play unknown soundEvent: minecraft:mob.zombie.death
[10:10:32] [Client thread/WARN]: Unable to play unknown soundEvent: minecraft:random.explode
[10:10:32] [Client thread/WARN]: Unable to play unknown soundEvent: minecraft:mob.zombie.say
[10:10:32] [Client thread/WARN]: Unable to play unknown soundEvent: minecraft:mob.zombie.step
[10:10:33] [Client thread/WARN]: Unable to play unknown soundEvent: minecraft:mob.zombie.step
[10:10:33] [Client thread/WARN]: Unable to play unknown soundEvent: minecraft:mob.zombie.step
[10:10:33] [Client thread/WARN]: Unable to play unknown soundEvent: minecraft:game.hostile.hurt.fall.small
[10:10:33] [Client thread/WARN]: Unable to play unknown soundEvent: minecraft:step.grass
[10:10:33] [Client thread/WARN]: Unable to play unknown soundEvent: minecraft:mob.zombie.step
[10:10:33] [Client thread/WARN]: Unable to play unknown soundEvent: minecraft:mob.zombie.step
[10:10:33] [Client thread/WARN]: Unable to play unknown soundEvent: minecraft:mob.zombie.say
[10:10:34] [Client thread/WARN]: Unable to play unknown soundEvent: minecraft:gui.button.press
[10:10:34] [Texture Downloader #27/INFO]: Downloading http texture from https://assets.novoline.wtf/capes/gast.png to null
[10:10:34] [Texture Downloader #28/INFO]: Downloading http texture from https://assets.novoline.wtf/capes/gast.png to null
[10:10:34] [Texture Downloader #29/INFO]: Downloading http texture from https://assets.novoline.wtf/capes/gast.png to null
[10:10:34] [Texture Downloader #30/INFO]: Downloading http texture from https://assets.novoline.wtf/capes/gast.png to null
[10:10:34] [Texture Downloader #31/INFO]: Downloading http texture from https://assets.novoline.wtf/capes/gast.png to null
[10:10:34] [Texture Downloader #32/INFO]: Downloading http texture from https://assets.novoline.wtf/capes/gast.png to null
[10:10:34] [Texture Downloader #33/INFO]: Downloading http texture from https://assets.novoline.wtf/capes/gast.png to null
[10:10:34] [Texture Downloader #34/INFO]: Downloading http texture from https://assets.novoline.wtf/capes/gast.png to null
[10:10:34] [Texture Downloader #35/INFO]: Downloading http texture from https://assets.novoline.wtf/capes/gast.png to null
[10:10:34] [Texture Downloader #36/INFO]: Downloading http texture from https://assets.novoline.wtf/capes/gast.png to null
[10:10:36] [Client thread/WARN]: Unable to play unknown soundEvent: minecraft:mob.pig.step
[10:10:37] [Client thread/WARN]: Unable to play unknown soundEvent: minecraft:mob.pig.step
[10:10:38] [Client thread/WARN]: Unable to play unknown soundEvent: minecraft:mob.pig.say
[10:10:43] [Client thread/WARN]: Unable to play unknown soundEvent: minecraft:mob.pig.step
[10:10:43] [Client thread/WARN]: Unable to play unknown soundEvent: minecraft:mob.pig.step
[10:10:44] [Client thread/WARN]: Unable to play unknown soundEvent: minecraft:gui.button.press
[10:10:44] [Server thread/INFO]: fk_plfasdwa lost connection: TextComponent{text='Disconnected', siblings=[], style=Style{hasParent=false, color=null, bold=null, italic=null, underlined=null, obfuscated=null, clickEvent=null, hoverEvent=null, insertion=null}}
[10:10:44] [Server thread/INFO]: fk_plfasdwa left the game
[10:10:44] [Server thread/INFO]: Stopping singleplayer server as player logged out
[10:10:44] [Server thread/INFO]: Stopping server
[10:10:44] [Server thread/INFO]: Saving players
[10:10:44] [Server thread/INFO]: Saving worlds
[10:10:44] [Server thread/INFO]: Saving chunks for level 'New World'/Overworld
[10:10:44] [Server thread/INFO]: Saving chunks for level 'New World'/Nether
[10:10:44] [Server thread/INFO]: Saving chunks for level 'New World'/The End
[10:10:46] [Client thread/WARN]: Unable to play unknown soundEvent: minecraft:gui.button.press
[10:10:46] [Client thread/INFO]: Stopping!
[10:10:46] [Client thread/INFO]: SoundSystem shutting down...
[10:10:47] [Client thread/WARN]: Author: Paul Lamb, www.paulscode.com
